#
# There is insufficient memory for the Java Runtime Environment to continue.
# Native memory allocation (malloc) failed to allocate 327376 bytes for Chunk::new
# Possible reasons:
#   The system is out of physical RAM or swap space
#   The process is running with CompressedOops enabled, and the Java Heap may be blocking the growth of the native heap
# Possible solutions:
#   Reduce memory load on the system
#   Increase physical memory or swap space
#   Check if swap backing store is full
#   Decrease Java heap size (-Xmx/-Xms)
#   Decrease number of Java threads
#   Decrease Java thread stack sizes (-Xss)
#   Set larger code cache with -XX:ReservedCodeCacheSize=
#   JVM is running with Zero Based Compressed Oops mode in which the Java heap is
#     placed in the first 32GB address space. The Java Heap base address is the
#     maximum limit for the native heap growth. Please use -XX:HeapBaseMinAddress
#     to set the Java Heap base and to place the Java Heap above 32GB virtual address.
# This output file may be truncated or incomplete.
#
#  Out of Memory Error (c:/cygwin64/tmp/openjdk-jdk11u-windows-x64-hotspot/workspace/build/src/src/hotspot/share/memory/arena.cpp:197), pid=12756, tid=19912
#
# JRE version: OpenJDK Runtime Environment (11.0.5+10) (build 11.0.5+10)
# Java VM: OpenJDK 64-Bit Server VM (11.0.5+10, mixed mode, tiered, compressed oops, g1 gc, windows-amd64)
# No core dump will be written. Minidumps are not enabled by default on client versions of Windows
#

---------------  S U M M A R Y ------------

Command Line: -ea -Dfile.encoding=Cp1252 org.testng.remote.RemoteTestNG -serport 55870 -protocol json -d C:\eclipse-workspace\Dynamics-CRM-V1.0\TestNG\test-output C:\eclipse-workspace\Dynamics-CRM-V1.0\TestNG\testng.xml

Host: Intel(R) Xeon(R) Gold 6230 CPU @ 2.10GHz, 8 cores, 11G,  Windows 10 , 64 bit Build 17134 (10.0.17134.753)
Time: Thu Jan  7 04:40:00 2021 India Standard Time elapsed time: 4 seconds (0d 0h 0m 4s)

---------------  T H R E A D  ---------------

Current thread (0x000001e57eba0000):  JavaThread "C2 CompilerThread0" daemon [_thread_in_native, id=19912, stack(0x000000a12a700000,0x000000a12a800000)]


Current CompileTask:
C2:   4941 3035  s!   4       jdk.internal.loader.URLClassPath::getLoader (194 bytes)

Stack: [0x000000a12a700000,0x000000a12a800000]
Native frames: (J=compiled Java code, j=interpreted, Vv=VM code, C=native code)
V  [jvm.dll+0x5d9aaa]
V  [jvm.dll+0x70ed1e]
V  [jvm.dll+0x7103ab]
V  [jvm.dll+0x710a73]
V  [jvm.dll+0x23f658]
V  [jvm.dll+0xb908c]
V  [jvm.dll+0xb961c]
V  [jvm.dll+0x3420a7]
V  [jvm.dll+0x3100c3]
V  [jvm.dll+0x30f4aa]
V  [jvm.dll+0x1f9725]
V  [jvm.dll+0x1f88df]
V  [jvm.dll+0x17d67c]
V  [jvm.dll+0x2078a7]
V  [jvm.dll+0x205dfb]
V  [jvm.dll+0x6d4c7c]
V  [jvm.dll+0x6cdcbc]
V  [jvm.dll+0x5d8d26]
C  [ucrtbase.dll+0x1e3fe]
C  [KERNEL32.DLL+0x14034]
C  [ntdll.dll+0x73691]


---------------  P R O C E S S  ---------------

Threads class SMR info:
_java_thread_list=0x000001e50f712da0, length=17, elements={
0x000001e56bd81000, 0x000001e57eba5000, 0x000001e57eb92000, 0x000001e57ec01800,
0x000001e57eb9e800, 0x000001e57eba0000, 0x000001e57ec04000, 0x000001e57ebbd800,
0x000001e57ed90000, 0x000001e57ed9a000, 0x000001e57f7cc000, 0x000001e50fc9e000,
0x000001e510c63000, 0x000001e50f136000, 0x000001e510ae5800, 0x000001e510c61800,
0x000001e50fd85800
}

Java Threads: ( => current thread )
  0x000001e56bd81000 JavaThread "Forwarding newSession on session null to remote" [_thread_in_vm, id=20280, stack(0x000000a129c00000,0x000000a129d00000)]
  0x000001e57eba5000 JavaThread "Reference Handler" daemon [_thread_blocked, id=3424, stack(0x000000a12a300000,0x000000a12a400000)]
  0x000001e57eb92000 JavaThread "Finalizer" daemon [_thread_blocked, id=10176, stack(0x000000a12a400000,0x000000a12a500000)]
  0x000001e57ec01800 JavaThread "Signal Dispatcher" daemon [_thread_blocked, id=12476, stack(0x000000a12a500000,0x000000a12a600000)]
  0x000001e57eb9e800 JavaThread "Attach Listener" daemon [_thread_blocked, id=9744, stack(0x000000a12a600000,0x000000a12a700000)]
=>0x000001e57eba0000 JavaThread "C2 CompilerThread0" daemon [_thread_in_native, id=19912, stack(0x000000a12a700000,0x000000a12a800000)]
  0x000001e57ec04000 JavaThread "C1 CompilerThread0" daemon [_thread_in_vm, id=1292, stack(0x000000a12a800000,0x000000a12a900000)]
  0x000001e57ebbd800 JavaThread "Sweeper thread" daemon [_thread_blocked, id=10920, stack(0x000000a12a900000,0x000000a12aa00000)]
  0x000001e57ed90000 JavaThread "Service Thread" daemon [_thread_blocked, id=16684, stack(0x000000a12aa00000,0x000000a12ab00000)]
  0x000001e57ed9a000 JavaThread "Common-Cleaner" daemon [_thread_blocked, id=7844, stack(0x000000a12ac00000,0x000000a12ad00000)]
  0x000001e57f7cc000 JavaThread "ReaderThread" [_thread_in_native, id=13952, stack(0x000000a12af00000,0x000000a12b000000)]
  0x000001e50fc9e000 JavaThread "Exec Default Executor" daemon [_thread_in_native, id=1712, stack(0x000000a12b400000,0x000000a12b500000)]
  0x000001e510c63000 JavaThread "UrlChecker-2" daemon [_thread_blocked, id=11388, stack(0x000000a12b500000,0x000000a12b600000)]
  0x000001e50f136000 JavaThread "Exec Stream Pumper" daemon [_thread_in_native, id=7096, stack(0x000000a12ad00000,0x000000a12ae00000)]
  0x000001e510ae5800 JavaThread "Exec Stream Pumper" daemon [_thread_in_native, id=17144, stack(0x000000a12b600000,0x000000a12b700000)]
  0x000001e510c61800 JavaThread "Keep-Alive-Timer" daemon [_thread_blocked, id=7848, stack(0x000000a12b700000,0x000000a12b800000)]
  0x000001e50fd85800 JavaThread "C2 CompilerThread1" daemon [_thread_blocked, id=17084, stack(0x000000a12b800000,0x000000a12b900000)]

Other Threads:
  0x000001e57eb6c800 VMThread "VM Thread" [stack: 0x000000a12a200000,0x000000a12a300000] [id=13524]
  0x000001e57ed98000 WatcherThread [stack: 0x000000a12ab00000,0x000000a12ac00000] [id=900]
  0x000001e56bd98000 GCTaskThread "GC Thread#0" [stack: 0x000000a129d00000,0x000000a129e00000] [id=19328]
  0x000001e50f2c6800 GCTaskThread "GC Thread#1" [stack: 0x000000a12b000000,0x000000a12b100000] [id=10956]
  0x000001e50f2c7000 GCTaskThread "GC Thread#2" [stack: 0x000000a12b100000,0x000000a12b200000] [id=17536]
  0x000001e50f2c4000 GCTaskThread "GC Thread#3" [stack: 0x000000a12b200000,0x000000a12b300000] [id=12880]
  0x000001e56bde0800 ConcurrentGCThread "G1 Main Marker" [stack: 0x000000a129e00000,0x000000a129f00000] [id=18536]
  0x000001e56bde3800 ConcurrentGCThread "G1 Conc#0" [stack: 0x000000a129f00000,0x000000a12a000000] [id=4900]
  0x000001e50f2c5000 ConcurrentGCThread "G1 Conc#1" [stack: 0x000000a12b300000,0x000000a12b400000] [id=14508]
  0x000001e57e1d2800 ConcurrentGCThread "G1 Refine#0" [stack: 0x000000a12a000000,0x000000a12a100000] [id=20360]
  0x000001e57e1d6000 ConcurrentGCThread "G1 Young RemSet Sampling" [stack: 0x000000a12a100000,0x000000a12a200000] [id=7772]

Threads with active compile tasks:
C2 CompilerThread0   5032 3035  s!   4       jdk.internal.loader.URLClassPath::getLoader (194 bytes)

VM state:not at safepoint (normal execution)

VM Mutex/Monitor currently owned by a thread: None

Heap address: 0x0000000740000000, size: 3072 MB, Compressed Oops mode: Zero based, Oop shift amount: 3
Narrow klass base: 0x0000000800000000, Narrow klass shift: 0
Compressed class space size: 1073741824 Address: 0x0000000800000000

Heap:
 garbage-first heap   total 196608K, used 14723K [0x0000000740000000, 0x0000000800000000)
  region size 1024K, 8 young (8192K), 7 survivors (7168K)
 Metaspace       used 30313K, capacity 31036K, committed 31280K, reserved 1091584K
  class space    used 3367K, capacity 3669K, committed 3712K, reserved 1048576K
Heap Regions: E=young(eden), S=young(survivor), O=old, HS=humongous(starts), HC=humongous(continues), CS=collection set, F=free, A=archive, TAMS=top-at-mark-start (previous, next)
|   0|0x0000000740000000, 0x0000000740100000, 0x0000000740100000|100%|HS|  |TAMS 0x0000000740100000, 0x0000000740100000| Complete 
|   1|0x0000000740100000, 0x0000000740200000, 0x0000000740200000|100%| O|  |TAMS 0x0000000740200000, 0x0000000740200000| Untracked 
|   2|0x0000000740200000, 0x0000000740300000, 0x0000000740300000|100%| O|  |TAMS 0x0000000740300000, 0x0000000740300000| Untracked 
|   3|0x0000000740300000, 0x0000000740400000, 0x0000000740400000|100%| O|  |TAMS 0x0000000740400000, 0x0000000740400000| Untracked 
|   4|0x0000000740400000, 0x0000000740500000, 0x0000000740500000|100%| O|  |TAMS 0x0000000740500000, 0x0000000740500000| Untracked 
|   5|0x0000000740500000, 0x0000000740600000, 0x0000000740600000|100%| O|  |TAMS 0x0000000740600000, 0x0000000740600000| Untracked 
|   6|0x0000000740600000, 0x0000000740700000, 0x0000000740700000|100%| O|  |TAMS 0x0000000740700000, 0x0000000740700000| Untracked 
|   7|0x0000000740700000, 0x0000000740800000, 0x0000000740800000|100%| O|  |TAMS 0x0000000740800000, 0x0000000740800000| Untracked 
|   8|0x0000000740800000, 0x0000000740826200, 0x0000000740900000| 14%| O|  |TAMS 0x0000000740826200, 0x0000000740826200| Untracked 
|   9|0x0000000740900000, 0x0000000740900000, 0x0000000740a00000|  0%| F|  |TAMS 0x0000000740900000, 0x0000000740900000| Untracked 
|  10|0x0000000740a00000, 0x0000000740a00000, 0x0000000740b00000|  0%| F|  |TAMS 0x0000000740a00000, 0x0000000740a00000| Untracked 
|  11|0x0000000740b00000, 0x0000000740b00000, 0x0000000740c00000|  0%| F|  |TAMS 0x0000000740b00000, 0x0000000740b00000| Untracked 
|  12|0x0000000740c00000, 0x0000000740c00000, 0x0000000740d00000|  0%| F|  |TAMS 0x0000000740c00000, 0x0000000740c00000| Untracked 
|  13|0x0000000740d00000, 0x0000000740d00000, 0x0000000740e00000|  0%| F|  |TAMS 0x0000000740d00000, 0x0000000740d00000| Untracked 
|  14|0x0000000740e00000, 0x0000000740e00000, 0x0000000740f00000|  0%| F|  |TAMS 0x0000000740e00000, 0x0000000740e00000| Untracked 
|  15|0x0000000740f00000, 0x0000000740f00000, 0x0000000741000000|  0%| F|  |TAMS 0x0000000740f00000, 0x0000000740f00000| Untracked 
|  16|0x0000000741000000, 0x0000000741000000, 0x0000000741100000|  0%| F|  |TAMS 0x0000000741000000, 0x0000000741000000| Untracked 
|  17|0x0000000741100000, 0x0000000741100000, 0x0000000741200000|  0%| F|  |TAMS 0x0000000741100000, 0x0000000741100000| Untracked 
|  18|0x0000000741200000, 0x0000000741200000, 0x0000000741300000|  0%| F|  |TAMS 0x0000000741200000, 0x0000000741200000| Untracked 
|  19|0x0000000741300000, 0x0000000741300000, 0x0000000741400000|  0%| F|  |TAMS 0x0000000741300000, 0x0000000741300000| Untracked 
|  20|0x0000000741400000, 0x0000000741400000, 0x0000000741500000|  0%| F|  |TAMS 0x0000000741400000, 0x0000000741400000| Untracked 
|  21|0x0000000741500000, 0x0000000741500000, 0x0000000741600000|  0%| F|  |TAMS 0x0000000741500000, 0x0000000741500000| Untracked 
|  22|0x0000000741600000, 0x0000000741600000, 0x0000000741700000|  0%| F|  |TAMS 0x0000000741600000, 0x0000000741600000| Untracked 
|  23|0x0000000741700000, 0x0000000741700000, 0x0000000741800000|  0%| F|  |TAMS 0x0000000741700000, 0x0000000741700000| Untracked 
|  24|0x0000000741800000, 0x0000000741800000, 0x0000000741900000|  0%| F|  |TAMS 0x0000000741800000, 0x0000000741800000| Untracked 
|  25|0x0000000741900000, 0x0000000741900000, 0x0000000741a00000|  0%| F|  |TAMS 0x0000000741900000, 0x0000000741900000| Untracked 
|  26|0x0000000741a00000, 0x0000000741a00000, 0x0000000741b00000|  0%| F|  |TAMS 0x0000000741a00000, 0x0000000741a00000| Untracked 
|  27|0x0000000741b00000, 0x0000000741b00000, 0x0000000741c00000|  0%| F|  |TAMS 0x0000000741b00000, 0x0000000741b00000| Untracked 
|  28|0x0000000741c00000, 0x0000000741c00000, 0x0000000741d00000|  0%| F|  |TAMS 0x0000000741c00000, 0x0000000741c00000| Untracked 
|  29|0x0000000741d00000, 0x0000000741d00000, 0x0000000741e00000|  0%| F|  |TAMS 0x0000000741d00000, 0x0000000741d00000| Untracked 
|  30|0x0000000741e00000, 0x0000000741e00000, 0x0000000741f00000|  0%| F|  |TAMS 0x0000000741e00000, 0x0000000741e00000| Untracked 
|  31|0x0000000741f00000, 0x0000000741f00000, 0x0000000742000000|  0%| F|  |TAMS 0x0000000741f00000, 0x0000000741f00000| Untracked 
|  32|0x0000000742000000, 0x0000000742000000, 0x0000000742100000|  0%| F|  |TAMS 0x0000000742000000, 0x0000000742000000| Untracked 
|  33|0x0000000742100000, 0x0000000742100000, 0x0000000742200000|  0%| F|  |TAMS 0x0000000742100000, 0x0000000742100000| Untracked 
|  34|0x0000000742200000, 0x0000000742200000, 0x0000000742300000|  0%| F|  |TAMS 0x0000000742200000, 0x0000000742200000| Untracked 
|  35|0x0000000742300000, 0x0000000742300000, 0x0000000742400000|  0%| F|  |TAMS 0x0000000742300000, 0x0000000742300000| Untracked 
|  36|0x0000000742400000, 0x0000000742400000, 0x0000000742500000|  0%| F|  |TAMS 0x0000000742400000, 0x0000000742400000| Untracked 
|  37|0x0000000742500000, 0x0000000742500000, 0x0000000742600000|  0%| F|  |TAMS 0x0000000742500000, 0x0000000742500000| Untracked 
|  38|0x0000000742600000, 0x0000000742600000, 0x0000000742700000|  0%| F|  |TAMS 0x0000000742600000, 0x0000000742600000| Untracked 
|  39|0x0000000742700000, 0x0000000742700000, 0x0000000742800000|  0%| F|  |TAMS 0x0000000742700000, 0x0000000742700000| Untracked 
|  40|0x0000000742800000, 0x0000000742800000, 0x0000000742900000|  0%| F|  |TAMS 0x0000000742800000, 0x0000000742800000| Untracked 
|  41|0x0000000742900000, 0x0000000742900000, 0x0000000742a00000|  0%| F|  |TAMS 0x0000000742900000, 0x0000000742900000| Untracked 
|  42|0x0000000742a00000, 0x0000000742a00000, 0x0000000742b00000|  0%| F|  |TAMS 0x0000000742a00000, 0x0000000742a00000| Untracked 
|  43|0x0000000742b00000, 0x0000000742b00000, 0x0000000742c00000|  0%| F|  |TAMS 0x0000000742b00000, 0x0000000742b00000| Untracked 
|  44|0x0000000742c00000, 0x0000000742c00000, 0x0000000742d00000|  0%| F|  |TAMS 0x0000000742c00000, 0x0000000742c00000| Untracked 
|  45|0x0000000742d00000, 0x0000000742d00000, 0x0000000742e00000|  0%| F|  |TAMS 0x0000000742d00000, 0x0000000742d00000| Untracked 
|  46|0x0000000742e00000, 0x0000000742e00000, 0x0000000742f00000|  0%| F|  |TAMS 0x0000000742e00000, 0x0000000742e00000| Untracked 
|  47|0x0000000742f00000, 0x0000000742f00000, 0x0000000743000000|  0%| F|  |TAMS 0x0000000742f00000, 0x0000000742f00000| Untracked 
|  48|0x0000000743000000, 0x0000000743000000, 0x0000000743100000|  0%| F|  |TAMS 0x0000000743000000, 0x0000000743000000| Untracked 
|  49|0x0000000743100000, 0x0000000743100000, 0x0000000743200000|  0%| F|  |TAMS 0x0000000743100000, 0x0000000743100000| Untracked 
|  50|0x0000000743200000, 0x0000000743200000, 0x0000000743300000|  0%| F|  |TAMS 0x0000000743200000, 0x0000000743200000| Untracked 
|  51|0x0000000743300000, 0x0000000743300000, 0x0000000743400000|  0%| F|  |TAMS 0x0000000743300000, 0x0000000743300000| Untracked 
|  52|0x0000000743400000, 0x0000000743400000, 0x0000000743500000|  0%| F|  |TAMS 0x0000000743400000, 0x0000000743400000| Untracked 
|  53|0x0000000743500000, 0x0000000743500000, 0x0000000743600000|  0%| F|  |TAMS 0x0000000743500000, 0x0000000743500000| Untracked 
|  54|0x0000000743600000, 0x0000000743600000, 0x0000000743700000|  0%| F|  |TAMS 0x0000000743600000, 0x0000000743600000| Untracked 
|  55|0x0000000743700000, 0x0000000743700000, 0x0000000743800000|  0%| F|  |TAMS 0x0000000743700000, 0x0000000743700000| Untracked 
|  56|0x0000000743800000, 0x0000000743800000, 0x0000000743900000|  0%| F|  |TAMS 0x0000000743800000, 0x0000000743800000| Untracked 
|  57|0x0000000743900000, 0x0000000743900000, 0x0000000743a00000|  0%| F|  |TAMS 0x0000000743900000, 0x0000000743900000| Untracked 
|  58|0x0000000743a00000, 0x0000000743a00000, 0x0000000743b00000|  0%| F|  |TAMS 0x0000000743a00000, 0x0000000743a00000| Untracked 
|  59|0x0000000743b00000, 0x0000000743b00000, 0x0000000743c00000|  0%| F|  |TAMS 0x0000000743b00000, 0x0000000743b00000| Untracked 
|  60|0x0000000743c00000, 0x0000000743c00000, 0x0000000743d00000|  0%| F|  |TAMS 0x0000000743c00000, 0x0000000743c00000| Untracked 
|  61|0x0000000743d00000, 0x0000000743d00000, 0x0000000743e00000|  0%| F|  |TAMS 0x0000000743d00000, 0x0000000743d00000| Untracked 
|  62|0x0000000743e00000, 0x0000000743e00000, 0x0000000743f00000|  0%| F|  |TAMS 0x0000000743e00000, 0x0000000743e00000| Untracked 
|  63|0x0000000743f00000, 0x0000000743f00000, 0x0000000744000000|  0%| F|  |TAMS 0x0000000743f00000, 0x0000000743f00000| Untracked 
|  64|0x0000000744000000, 0x0000000744000000, 0x0000000744100000|  0%| F|  |TAMS 0x0000000744000000, 0x0000000744000000| Untracked 
|  65|0x0000000744100000, 0x0000000744100000, 0x0000000744200000|  0%| F|  |TAMS 0x0000000744100000, 0x0000000744100000| Untracked 
|  66|0x0000000744200000, 0x0000000744200000, 0x0000000744300000|  0%| F|  |TAMS 0x0000000744200000, 0x0000000744200000| Untracked 
|  67|0x0000000744300000, 0x0000000744300000, 0x0000000744400000|  0%| F|  |TAMS 0x0000000744300000, 0x0000000744300000| Untracked 
|  68|0x0000000744400000, 0x0000000744400000, 0x0000000744500000|  0%| F|  |TAMS 0x0000000744400000, 0x0000000744400000| Untracked 
|  69|0x0000000744500000, 0x0000000744500000, 0x0000000744600000|  0%| F|  |TAMS 0x0000000744500000, 0x0000000744500000| Untracked 
|  70|0x0000000744600000, 0x0000000744600000, 0x0000000744700000|  0%| F|  |TAMS 0x0000000744600000, 0x0000000744600000| Untracked 
|  71|0x0000000744700000, 0x0000000744700000, 0x0000000744800000|  0%| F|  |TAMS 0x0000000744700000, 0x0000000744700000| Untracked 
|  72|0x0000000744800000, 0x0000000744800000, 0x0000000744900000|  0%| F|  |TAMS 0x0000000744800000, 0x0000000744800000| Untracked 
|  73|0x0000000744900000, 0x0000000744900000, 0x0000000744a00000|  0%| F|  |TAMS 0x0000000744900000, 0x0000000744900000| Untracked 
|  74|0x0000000744a00000, 0x0000000744a00000, 0x0000000744b00000|  0%| F|  |TAMS 0x0000000744a00000, 0x0000000744a00000| Untracked 
|  75|0x0000000744b00000, 0x0000000744b00000, 0x0000000744c00000|  0%| F|  |TAMS 0x0000000744b00000, 0x0000000744b00000| Untracked 
|  76|0x0000000744c00000, 0x0000000744c00000, 0x0000000744d00000|  0%| F|  |TAMS 0x0000000744c00000, 0x0000000744c00000| Untracked 
|  77|0x0000000744d00000, 0x0000000744d00000, 0x0000000744e00000|  0%| F|  |TAMS 0x0000000744d00000, 0x0000000744d00000| Untracked 
|  78|0x0000000744e00000, 0x0000000744e00000, 0x0000000744f00000|  0%| F|  |TAMS 0x0000000744e00000, 0x0000000744e00000| Untracked 
|  79|0x0000000744f00000, 0x0000000744f00000, 0x0000000745000000|  0%| F|  |TAMS 0x0000000744f00000, 0x0000000744f00000| Untracked 
|  80|0x0000000745000000, 0x0000000745000000, 0x0000000745100000|  0%| F|  |TAMS 0x0000000745000000, 0x0000000745000000| Untracked 
|  81|0x0000000745100000, 0x0000000745100000, 0x0000000745200000|  0%| F|  |TAMS 0x0000000745100000, 0x0000000745100000| Untracked 
|  82|0x0000000745200000, 0x0000000745200000, 0x0000000745300000|  0%| F|  |TAMS 0x0000000745200000, 0x0000000745200000| Untracked 
|  83|0x0000000745300000, 0x0000000745300000, 0x0000000745400000|  0%| F|  |TAMS 0x0000000745300000, 0x0000000745300000| Untracked 
|  84|0x0000000745400000, 0x0000000745400000, 0x0000000745500000|  0%| F|  |TAMS 0x0000000745400000, 0x0000000745400000| Untracked 
|  85|0x0000000745500000, 0x0000000745500000, 0x0000000745600000|  0%| F|  |TAMS 0x0000000745500000, 0x0000000745500000| Untracked 
|  86|0x0000000745600000, 0x0000000745600000, 0x0000000745700000|  0%| F|  |TAMS 0x0000000745600000, 0x0000000745600000| Untracked 
|  87|0x0000000745700000, 0x0000000745700000, 0x0000000745800000|  0%| F|  |TAMS 0x0000000745700000, 0x0000000745700000| Untracked 
|  88|0x0000000745800000, 0x0000000745800000, 0x0000000745900000|  0%| F|  |TAMS 0x0000000745800000, 0x0000000745800000| Untracked 
|  89|0x0000000745900000, 0x0000000745900000, 0x0000000745a00000|  0%| F|  |TAMS 0x0000000745900000, 0x0000000745900000| Untracked 
|  90|0x0000000745a00000, 0x0000000745a00000, 0x0000000745b00000|  0%| F|  |TAMS 0x0000000745a00000, 0x0000000745a00000| Untracked 
|  91|0x0000000745b00000, 0x0000000745b00000, 0x0000000745c00000|  0%| F|  |TAMS 0x0000000745b00000, 0x0000000745b00000| Untracked 
|  92|0x0000000745c00000, 0x0000000745c00000, 0x0000000745d00000|  0%| F|  |TAMS 0x0000000745c00000, 0x0000000745c00000| Untracked 
|  93|0x0000000745d00000, 0x0000000745d00000, 0x0000000745e00000|  0%| F|  |TAMS 0x0000000745d00000, 0x0000000745d00000| Untracked 
|  94|0x0000000745e00000, 0x0000000745e00000, 0x0000000745f00000|  0%| F|  |TAMS 0x0000000745e00000, 0x0000000745e00000| Untracked 
|  95|0x0000000745f00000, 0x0000000745f00000, 0x0000000746000000|  0%| F|  |TAMS 0x0000000745f00000, 0x0000000745f00000| Untracked 
|  96|0x0000000746000000, 0x0000000746000000, 0x0000000746100000|  0%| F|  |TAMS 0x0000000746000000, 0x0000000746000000| Untracked 
|  97|0x0000000746100000, 0x0000000746100000, 0x0000000746200000|  0%| F|  |TAMS 0x0000000746100000, 0x0000000746100000| Untracked 
|  98|0x0000000746200000, 0x0000000746200000, 0x0000000746300000|  0%| F|  |TAMS 0x0000000746200000, 0x0000000746200000| Untracked 
|  99|0x0000000746300000, 0x0000000746300000, 0x0000000746400000|  0%| F|  |TAMS 0x0000000746300000, 0x0000000746300000| Untracked 
| 100|0x0000000746400000, 0x0000000746400000, 0x0000000746500000|  0%| F|  |TAMS 0x0000000746400000, 0x0000000746400000| Untracked 
| 101|0x0000000746500000, 0x0000000746500000, 0x0000000746600000|  0%| F|  |TAMS 0x0000000746500000, 0x0000000746500000| Untracked 
| 102|0x0000000746600000, 0x0000000746600000, 0x0000000746700000|  0%| F|  |TAMS 0x0000000746600000, 0x0000000746600000| Untracked 
| 103|0x0000000746700000, 0x0000000746700000, 0x0000000746800000|  0%| F|  |TAMS 0x0000000746700000, 0x0000000746700000| Untracked 
| 104|0x0000000746800000, 0x0000000746800000, 0x0000000746900000|  0%| F|  |TAMS 0x0000000746800000, 0x0000000746800000| Untracked 
| 105|0x0000000746900000, 0x0000000746900000, 0x0000000746a00000|  0%| F|  |TAMS 0x0000000746900000, 0x0000000746900000| Untracked 
| 106|0x0000000746a00000, 0x0000000746a00000, 0x0000000746b00000|  0%| F|  |TAMS 0x0000000746a00000, 0x0000000746a00000| Untracked 
| 107|0x0000000746b00000, 0x0000000746b00000, 0x0000000746c00000|  0%| F|  |TAMS 0x0000000746b00000, 0x0000000746b00000| Untracked 
| 108|0x0000000746c00000, 0x0000000746c00000, 0x0000000746d00000|  0%| F|  |TAMS 0x0000000746c00000, 0x0000000746c00000| Untracked 
| 109|0x0000000746d00000, 0x0000000746d00000, 0x0000000746e00000|  0%| F|  |TAMS 0x0000000746d00000, 0x0000000746d00000| Untracked 
| 110|0x0000000746e00000, 0x0000000746e00000, 0x0000000746f00000|  0%| F|  |TAMS 0x0000000746e00000, 0x0000000746e00000| Untracked 
| 111|0x0000000746f00000, 0x0000000746f00000, 0x0000000747000000|  0%| F|  |TAMS 0x0000000746f00000, 0x0000000746f00000| Untracked 
| 112|0x0000000747000000, 0x0000000747000000, 0x0000000747100000|  0%| F|  |TAMS 0x0000000747000000, 0x0000000747000000| Untracked 
| 113|0x0000000747100000, 0x0000000747100000, 0x0000000747200000|  0%| F|  |TAMS 0x0000000747100000, 0x0000000747100000| Untracked 
| 114|0x0000000747200000, 0x0000000747200000, 0x0000000747300000|  0%| F|  |TAMS 0x0000000747200000, 0x0000000747200000| Untracked 
| 115|0x0000000747300000, 0x0000000747300000, 0x0000000747400000|  0%| F|  |TAMS 0x0000000747300000, 0x0000000747300000| Untracked 
| 116|0x0000000747400000, 0x0000000747400000, 0x0000000747500000|  0%| F|  |TAMS 0x0000000747400000, 0x0000000747400000| Untracked 
| 117|0x0000000747500000, 0x0000000747500000, 0x0000000747600000|  0%| F|  |TAMS 0x0000000747500000, 0x0000000747500000| Untracked 
| 118|0x0000000747600000, 0x0000000747600000, 0x0000000747700000|  0%| F|  |TAMS 0x0000000747600000, 0x0000000747600000| Untracked 
| 119|0x0000000747700000, 0x0000000747700000, 0x0000000747800000|  0%| F|  |TAMS 0x0000000747700000, 0x0000000747700000| Untracked 
| 120|0x0000000747800000, 0x0000000747800000, 0x0000000747900000|  0%| F|  |TAMS 0x0000000747800000, 0x0000000747800000| Untracked 
| 121|0x0000000747900000, 0x0000000747900000, 0x0000000747a00000|  0%| F|  |TAMS 0x0000000747900000, 0x0000000747900000| Untracked 
| 122|0x0000000747a00000, 0x0000000747a00000, 0x0000000747b00000|  0%| F|  |TAMS 0x0000000747a00000, 0x0000000747a00000| Untracked 
| 123|0x0000000747b00000, 0x0000000747b00000, 0x0000000747c00000|  0%| F|  |TAMS 0x0000000747b00000, 0x0000000747b00000| Untracked 
| 124|0x0000000747c00000, 0x0000000747c00000, 0x0000000747d00000|  0%| F|  |TAMS 0x0000000747c00000, 0x0000000747c00000| Untracked 
| 125|0x0000000747d00000, 0x0000000747d00000, 0x0000000747e00000|  0%| F|  |TAMS 0x0000000747d00000, 0x0000000747d00000| Untracked 
| 126|0x0000000747e00000, 0x0000000747e00000, 0x0000000747f00000|  0%| F|  |TAMS 0x0000000747e00000, 0x0000000747e00000| Untracked 
| 127|0x0000000747f00000, 0x0000000747f00000, 0x0000000748000000|  0%| F|  |TAMS 0x0000000747f00000, 0x0000000747f00000| Untracked 
| 128|0x0000000748000000, 0x0000000748000000, 0x0000000748100000|  0%| F|  |TAMS 0x0000000748000000, 0x0000000748000000| Untracked 
| 129|0x0000000748100000, 0x0000000748100000, 0x0000000748200000|  0%| F|  |TAMS 0x0000000748100000, 0x0000000748100000| Untracked 
| 130|0x0000000748200000, 0x0000000748200000, 0x0000000748300000|  0%| F|  |TAMS 0x0000000748200000, 0x0000000748200000| Untracked 
| 131|0x0000000748300000, 0x0000000748300000, 0x0000000748400000|  0%| F|  |TAMS 0x0000000748300000, 0x0000000748300000| Untracked 
| 132|0x0000000748400000, 0x0000000748400000, 0x0000000748500000|  0%| F|  |TAMS 0x0000000748400000, 0x0000000748400000| Untracked 
| 133|0x0000000748500000, 0x0000000748500000, 0x0000000748600000|  0%| F|  |TAMS 0x0000000748500000, 0x0000000748500000| Untracked 
| 134|0x0000000748600000, 0x0000000748600000, 0x0000000748700000|  0%| F|  |TAMS 0x0000000748600000, 0x0000000748600000| Untracked 
| 135|0x0000000748700000, 0x0000000748700000, 0x0000000748800000|  0%| F|  |TAMS 0x0000000748700000, 0x0000000748700000| Untracked 
| 136|0x0000000748800000, 0x0000000748800000, 0x0000000748900000|  0%| F|  |TAMS 0x0000000748800000, 0x0000000748800000| Untracked 
| 137|0x0000000748900000, 0x0000000748900000, 0x0000000748a00000|  0%| F|  |TAMS 0x0000000748900000, 0x0000000748900000| Untracked 
| 138|0x0000000748a00000, 0x0000000748a00000, 0x0000000748b00000|  0%| F|  |TAMS 0x0000000748a00000, 0x0000000748a00000| Untracked 
| 139|0x0000000748b00000, 0x0000000748b00000, 0x0000000748c00000|  0%| F|  |TAMS 0x0000000748b00000, 0x0000000748b00000| Untracked 
| 140|0x0000000748c00000, 0x0000000748c00000, 0x0000000748d00000|  0%| F|  |TAMS 0x0000000748c00000, 0x0000000748c00000| Untracked 
| 141|0x0000000748d00000, 0x0000000748d00000, 0x0000000748e00000|  0%| F|  |TAMS 0x0000000748d00000, 0x0000000748d00000| Untracked 
| 142|0x0000000748e00000, 0x0000000748e00000, 0x0000000748f00000|  0%| F|  |TAMS 0x0000000748e00000, 0x0000000748e00000| Untracked 
| 143|0x0000000748f00000, 0x0000000748f00000, 0x0000000749000000|  0%| F|  |TAMS 0x0000000748f00000, 0x0000000748f00000| Untracked 
| 144|0x0000000749000000, 0x0000000749000000, 0x0000000749100000|  0%| F|  |TAMS 0x0000000749000000, 0x0000000749000000| Untracked 
| 145|0x0000000749100000, 0x0000000749100000, 0x0000000749200000|  0%| F|  |TAMS 0x0000000749100000, 0x0000000749100000| Untracked 
| 146|0x0000000749200000, 0x0000000749200000, 0x0000000749300000|  0%| F|  |TAMS 0x0000000749200000, 0x0000000749200000| Untracked 
| 147|0x0000000749300000, 0x0000000749300000, 0x0000000749400000|  0%| F|  |TAMS 0x0000000749300000, 0x0000000749300000| Untracked 
| 148|0x0000000749400000, 0x0000000749400000, 0x0000000749500000|  0%| F|  |TAMS 0x0000000749400000, 0x0000000749400000| Untracked 
| 149|0x0000000749500000, 0x0000000749500000, 0x0000000749600000|  0%| F|  |TAMS 0x0000000749500000, 0x0000000749500000| Untracked 
| 150|0x0000000749600000, 0x0000000749600000, 0x0000000749700000|  0%| F|  |TAMS 0x0000000749600000, 0x0000000749600000| Untracked 
| 151|0x0000000749700000, 0x0000000749700000, 0x0000000749800000|  0%| F|  |TAMS 0x0000000749700000, 0x0000000749700000| Untracked 
| 152|0x0000000749800000, 0x0000000749800000, 0x0000000749900000|  0%| F|  |TAMS 0x0000000749800000, 0x0000000749800000| Untracked 
| 153|0x0000000749900000, 0x0000000749900000, 0x0000000749a00000|  0%| F|  |TAMS 0x0000000749900000, 0x0000000749900000| Untracked 
| 154|0x0000000749a00000, 0x0000000749a00000, 0x0000000749b00000|  0%| F|  |TAMS 0x0000000749a00000, 0x0000000749a00000| Untracked 
| 155|0x0000000749b00000, 0x0000000749b00000, 0x0000000749c00000|  0%| F|  |TAMS 0x0000000749b00000, 0x0000000749b00000| Untracked 
| 156|0x0000000749c00000, 0x0000000749c00000, 0x0000000749d00000|  0%| F|  |TAMS 0x0000000749c00000, 0x0000000749c00000| Untracked 
| 157|0x0000000749d00000, 0x0000000749d00000, 0x0000000749e00000|  0%| F|  |TAMS 0x0000000749d00000, 0x0000000749d00000| Untracked 
| 158|0x0000000749e00000, 0x0000000749e00000, 0x0000000749f00000|  0%| F|  |TAMS 0x0000000749e00000, 0x0000000749e00000| Untracked 
| 159|0x0000000749f00000, 0x0000000749f00000, 0x000000074a000000|  0%| F|  |TAMS 0x0000000749f00000, 0x0000000749f00000| Untracked 
| 160|0x000000074a000000, 0x000000074a000000, 0x000000074a100000|  0%| F|  |TAMS 0x000000074a000000, 0x000000074a000000| Untracked 
| 161|0x000000074a100000, 0x000000074a100000, 0x000000074a200000|  0%| F|  |TAMS 0x000000074a100000, 0x000000074a100000| Untracked 
| 162|0x000000074a200000, 0x000000074a200000, 0x000000074a300000|  0%| F|  |TAMS 0x000000074a200000, 0x000000074a200000| Untracked 
| 163|0x000000074a300000, 0x000000074a300000, 0x000000074a400000|  0%| F|  |TAMS 0x000000074a300000, 0x000000074a300000| Untracked 
| 164|0x000000074a400000, 0x000000074a400000, 0x000000074a500000|  0%| F|  |TAMS 0x000000074a400000, 0x000000074a400000| Untracked 
| 165|0x000000074a500000, 0x000000074a500000, 0x000000074a600000|  0%| F|  |TAMS 0x000000074a500000, 0x000000074a500000| Untracked 
| 166|0x000000074a600000, 0x000000074a600000, 0x000000074a700000|  0%| F|  |TAMS 0x000000074a600000, 0x000000074a600000| Untracked 
| 167|0x000000074a700000, 0x000000074a700000, 0x000000074a800000|  0%| F|  |TAMS 0x000000074a700000, 0x000000074a700000| Untracked 
| 168|0x000000074a800000, 0x000000074a800000, 0x000000074a900000|  0%| F|  |TAMS 0x000000074a800000, 0x000000074a800000| Untracked 
| 169|0x000000074a900000, 0x000000074a900000, 0x000000074aa00000|  0%| F|  |TAMS 0x000000074a900000, 0x000000074a900000| Untracked 
| 170|0x000000074aa00000, 0x000000074aa00000, 0x000000074ab00000|  0%| F|  |TAMS 0x000000074aa00000, 0x000000074aa00000| Untracked 
| 171|0x000000074ab00000, 0x000000074ab00000, 0x000000074ac00000|  0%| F|  |TAMS 0x000000074ab00000, 0x000000074ab00000| Untracked 
| 172|0x000000074ac00000, 0x000000074ac00000, 0x000000074ad00000|  0%| F|  |TAMS 0x000000074ac00000, 0x000000074ac00000| Untracked 
| 173|0x000000074ad00000, 0x000000074ad00000, 0x000000074ae00000|  0%| F|  |TAMS 0x000000074ad00000, 0x000000074ad00000| Untracked 
| 174|0x000000074ae00000, 0x000000074ae00000, 0x000000074af00000|  0%| F|  |TAMS 0x000000074ae00000, 0x000000074ae00000| Untracked 
| 175|0x000000074af00000, 0x000000074af00000, 0x000000074b000000|  0%| F|  |TAMS 0x000000074af00000, 0x000000074af00000| Untracked 
| 176|0x000000074b000000, 0x000000074b000000, 0x000000074b100000|  0%| F|  |TAMS 0x000000074b000000, 0x000000074b000000| Untracked 
| 177|0x000000074b100000, 0x000000074b100000, 0x000000074b200000|  0%| F|  |TAMS 0x000000074b100000, 0x000000074b100000| Untracked 
| 178|0x000000074b200000, 0x000000074b200000, 0x000000074b300000|  0%| F|  |TAMS 0x000000074b200000, 0x000000074b200000| Untracked 
| 179|0x000000074b300000, 0x000000074b300000, 0x000000074b400000|  0%| F|  |TAMS 0x000000074b300000, 0x000000074b300000| Untracked 
| 180|0x000000074b400000, 0x000000074b400000, 0x000000074b500000|  0%| F|  |TAMS 0x000000074b400000, 0x000000074b400000| Untracked 
| 181|0x000000074b500000, 0x000000074b500000, 0x000000074b600000|  0%| F|  |TAMS 0x000000074b500000, 0x000000074b500000| Untracked 
| 182|0x000000074b600000, 0x000000074b600000, 0x000000074b700000|  0%| F|  |TAMS 0x000000074b600000, 0x000000074b600000| Untracked 
| 183|0x000000074b700000, 0x000000074b73abf0, 0x000000074b800000| 22%| S|CS|TAMS 0x000000074b700000, 0x000000074b700000| Complete 
| 184|0x000000074b800000, 0x000000074b900000, 0x000000074b900000|100%| S|CS|TAMS 0x000000074b800000, 0x000000074b800000| Complete 
| 185|0x000000074b900000, 0x000000074ba00000, 0x000000074ba00000|100%| S|CS|TAMS 0x000000074b900000, 0x000000074b900000| Complete 
| 186|0x000000074ba00000, 0x000000074bb00000, 0x000000074bb00000|100%| S|CS|TAMS 0x000000074ba00000, 0x000000074ba00000| Complete 
| 187|0x000000074bb00000, 0x000000074bc00000, 0x000000074bc00000|100%| S|CS|TAMS 0x000000074bb00000, 0x000000074bb00000| Complete 
| 188|0x000000074bc00000, 0x000000074bd00000, 0x000000074bd00000|100%| S|CS|TAMS 0x000000074bc00000, 0x000000074bc00000| Complete 
| 189|0x000000074bd00000, 0x000000074be00000, 0x000000074be00000|100%| S|CS|TAMS 0x000000074bd00000, 0x000000074bd00000| Complete 
| 190|0x000000074be00000, 0x000000074be00000, 0x000000074bf00000|  0%| F|  |TAMS 0x000000074be00000, 0x000000074be00000| Untracked 
| 191|0x000000074bf00000, 0x000000074bfc76b8, 0x000000074c000000| 77%| E|  |TAMS 0x000000074bf00000, 0x000000074bf00000| Complete 

Card table byte_map: [0x000001e574cb0000,0x000001e5752b0000] _byte_map_base: 0x000001e5712b0000

Marking Bits (Prev, Next): (CMBitMap*) 0x000001e56bdd38a0, (CMBitMap*) 0x000001e56bdd3868
 Prev Bits: [0x000001e5788b0000, 0x000001e57b8b0000)
 Next Bits: [0x000001e5758b0000, 0x000001e5788b0000)

Polling page: 0x000001e569760000

Metaspace:

Usage:
  Non-class:     26.73 MB capacity,    26.34 MB ( 99%) used,   320.32 KB (  1%) free+waste,    78.94 KB ( <1%) overhead. 
      Class:      3.59 MB capacity,     3.29 MB ( 92%) used,   262.02 KB (  7%) free+waste,    40.19 KB (  1%) overhead. 
       Both:     30.32 MB capacity,    29.64 MB ( 98%) used,   582.34 KB (  2%) free+waste,   119.13 KB ( <1%) overhead. 

Virtual space:
  Non-class space:       42.00 MB reserved,      26.92 MB ( 64%) committed 
      Class space:        1.00 GB reserved,       3.63 MB ( <1%) committed 
             Both:        1.04 GB reserved,      30.55 MB (  3%) committed 

Chunk freelists:
   Non-Class:  0 bytes
       Class:  0 bytes
        Both:  0 bytes

MaxMetaspaceSize: 17179869184.00 GB
CompressedClassSpaceSize: 1.00 GB

CodeHeap 'non-profiled nmethods': size=120000Kb used=1370Kb max_used=1370Kb free=118629Kb
 bounds [0x000001e507ad0000, 0x000001e507d40000, 0x000001e50f000000]
CodeHeap 'profiled nmethods': size=120000Kb used=6730Kb max_used=6730Kb free=113269Kb
 bounds [0x000001e5005a0000, 0x000001e500c40000, 0x000001e507ad0000]
CodeHeap 'non-nmethods': size=5760Kb used=1198Kb max_used=1228Kb free=4561Kb
 bounds [0x000001e500000000, 0x000001e500270000, 0x000001e5005a0000]
 total_blobs=4631 nmethods=3045 adapters=436
 compilation: enabled
              stopped_count=0, restarted_count=0
 full_count=0

Compilation events (20 events):
Event: 4.366 Thread 0x000001e57ec04000 nmethod 3028 0x000001e500c16710 code [0x000001e500c168e0, 0x000001e500c16c50]
Event: 4.649 Thread 0x000001e57ec04000 3029       3       java.io.PrintStream::ensureOpen (18 bytes)
Event: 4.650 Thread 0x000001e57ec04000 nmethod 3029 0x000001e500c16d10 code [0x000001e500c16ee0, 0x000001e500c17150]
Event: 4.650 Thread 0x000001e57ec04000 3030       3       org.openqa.selenium.io.MultiOutputStream::write (24 bytes)
Event: 4.650 Thread 0x000001e57ec04000 nmethod 3030 0x000001e500c17210 code [0x000001e500c173e0, 0x000001e500c17740]
Event: 4.887 Thread 0x000001e57ec04000 3031       3       java.lang.StringBuilder::append (9 bytes)
Event: 4.887 Thread 0x000001e57ec04000 nmethod 3031 0x000001e500c17890 code [0x000001e500c17a80, 0x000001e500c17e20]
Event: 4.893 Thread 0x000001e57ec04000 3032       3       sun.nio.cs.SingleByte$Encoder::encode (32 bytes)
Event: 4.893 Thread 0x000001e57ec04000 nmethod 3032 0x000001e500c17f90 code [0x000001e500c18140, 0x000001e500c18358]
Event: 4.905 Thread 0x000001e57ec04000 3033       3       java.lang.invoke.MemberName$Factory::resolveOrNull (28 bytes)
Event: 4.906 Thread 0x000001e57ec04000 nmethod 3033 0x000001e500c18490 code [0x000001e500c18660, 0x000001e500c18950]
Event: 4.906 Thread 0x000001e57ec04000 3034       3       java.lang.String::replace (42 bytes)
Event: 4.906 Thread 0x000001e57ec04000 nmethod 3034 0x000001e500c18a90 code [0x000001e500c18c80, 0x000001e500c19000]
Event: 4.909 Thread 0x000001e57eba0000 3035  s!   4       jdk.internal.loader.URLClassPath::getLoader (194 bytes)
Event: 4.927 Thread 0x000001e57ec04000 3036       3       java.util.ArrayDeque::add (7 bytes)
Event: 4.927 Thread 0x000001e57ec04000 nmethod 3036 0x000001e500c19110 code [0x000001e500c192c0, 0x000001e500c194f0]
Event: 4.927 Thread 0x000001e57ec04000 3037       3       java.util.ArrayDeque::addLast (51 bytes)
Event: 4.928 Thread 0x000001e57ec04000 nmethod 3037 0x000001e500c19590 code [0x000001e500c19780, 0x000001e500c19cc0]
Event: 4.936 Thread 0x000001e57ec04000 3043       3       jdk.internal.util.jar.JarIndex::get (49 bytes)
Event: 4.937 Thread 0x000001e57ec04000 nmethod 3043 0x000001e500c19e90 code [0x000001e500c1a0e0, 0x000001e500c1aa50]

GC Heap History (6 events):
Event: 1.468 GC heap before
{Heap before GC invocations=0 (full 0):
 garbage-first heap   total 196608K, used 24576K [0x0000000740000000, 0x0000000800000000)
  region size 1024K, 24 young (24576K), 0 survivors (0K)
 Metaspace       used 15725K, capacity 15997K, committed 16256K, reserved 1064960K
  class space    used 1550K, capacity 1627K, committed 1664K, reserved 1048576K
}
Event: 1.484 GC heap after
{Heap after GC invocations=1 (full 0):
 garbage-first heap   total 196608K, used 8019K [0x0000000740000000, 0x0000000800000000)
  region size 1024K, 3 young (3072K), 3 survivors (3072K)
 Metaspace       used 15725K, capacity 15997K, committed 16256K, reserved 1064960K
  class space    used 1550K, capacity 1627K, committed 1664K, reserved 1048576K
}
Event: 1.995 GC heap before
{Heap before GC invocations=1 (full 0):
 garbage-first heap   total 196608K, used 26451K [0x0000000740000000, 0x0000000800000000)
  region size 1024K, 21 young (21504K), 3 survivors (3072K)
 Metaspace       used 19006K, capacity 19415K, committed 19584K, reserved 1067008K
  class space    used 1957K, capacity 2117K, committed 2176K, reserved 1048576K
}
Event: 2.000 GC heap after
{Heap after GC invocations=2 (full 0):
 garbage-first heap   total 196608K, used 10124K [0x0000000740000000, 0x0000000800000000)
  region size 1024K, 2 young (2048K), 2 survivors (2048K)
 Metaspace       used 19006K, capacity 19415K, committed 19584K, reserved 1067008K
  class space    used 1957K, capacity 2117K, committed 2176K, reserved 1048576K
}
Event: 2.284 GC heap before
{Heap before GC invocations=2 (full 0):
 garbage-first heap   total 196608K, used 18316K [0x0000000740000000, 0x0000000800000000)
  region size 1024K, 11 young (11264K), 2 survivors (2048K)
 Metaspace       used 20776K, capacity 21102K, committed 21296K, reserved 1069056K
  class space    used 2190K, capacity 2337K, committed 2432K, reserved 1048576K
}
Event: 2.288 GC heap after
{Heap after GC invocations=3 (full 0):
 garbage-first heap   total 196608K, used 10753K [0x0000000740000000, 0x0000000800000000)
  region size 1024K, 3 young (3072K), 3 survivors (3072K)
 Metaspace       used 20776K, capacity 21102K, committed 21296K, reserved 1069056K
  class space    used 2190K, capacity 2337K, committed 2432K, reserved 1048576K
}

Deoptimization events (20 events):
Event: 3.691 Thread 0x000001e56bd81000 Uncommon trap: trap_request=0xffffff4d fr.pc=0x000001e507b7c860 relative=0x0000000000000040
Event: 3.691 Thread 0x000001e56bd81000 Uncommon trap: reason=unstable_if action=reinterpret pc=0x000001e507b7c860 method=sun.net.util.IPAddressUtil.scan(Ljava/lang/String;JJ[C)I @ 14 c2
Event: 3.691 Thread 0x000001e56bd81000 DEOPT PACKING pc=0x000001e507b7c860 sp=0x000000a129cf9f90
Event: 3.691 Thread 0x000001e56bd81000 DEOPT UNPACKING pc=0x000001e50000822f sp=0x000000a129cf9e70 mode 2
Event: 3.764 Thread 0x000001e56bd81000 Uncommon trap: trap_request=0xffffff4d fr.pc=0x000001e507c0a250 relative=0x0000000000000390
Event: 3.764 Thread 0x000001e56bd81000 Uncommon trap: reason=unstable_if action=reinterpret pc=0x000001e507c0a250 method=java.io.ByteArrayInputStream.read([BII)I @ 35 c2
Event: 3.764 Thread 0x000001e56bd81000 DEOPT PACKING pc=0x000001e507c0a250 sp=0x000000a129cfb7d0
Event: 3.764 Thread 0x000001e56bd81000 DEOPT UNPACKING pc=0x000001e50000822f sp=0x000000a129cfb770 mode 2
Event: 3.784 Thread 0x000001e56bd81000 Uncommon trap: trap_request=0xffffff4d fr.pc=0x000001e507b2fc1c relative=0x000000000000035c
Event: 3.784 Thread 0x000001e56bd81000 Uncommon trap: reason=unstable_if action=reinterpret pc=0x000001e507b2fc1c method=java.util.ArrayList.indexOfRange(Ljava/lang/Object;II)I @ 7 c2
Event: 3.784 Thread 0x000001e56bd81000 DEOPT PACKING pc=0x000001e507b2fc1c sp=0x000000a129cfd900
Event: 3.784 Thread 0x000001e56bd81000 DEOPT UNPACKING pc=0x000001e50000822f sp=0x000000a129cfd890 mode 2
Event: 3.822 Thread 0x000001e56bd81000 Uncommon trap: trap_request=0xffffff4d fr.pc=0x000001e507b30fdc relative=0x000000000000059c
Event: 3.822 Thread 0x000001e56bd81000 Uncommon trap: reason=unstable_if action=reinterpret pc=0x000001e507b30fdc method=java.lang.String.replace(CC)Ljava/lang/String; @ 2 c2
Event: 3.822 Thread 0x000001e56bd81000 DEOPT PACKING pc=0x000001e507b30fdc sp=0x000000a129cfd860
Event: 3.822 Thread 0x000001e56bd81000 DEOPT UNPACKING pc=0x000001e50000822f sp=0x000000a129cfd820 mode 2
Event: 3.824 Thread 0x000001e56bd81000 Uncommon trap: trap_request=0xffffffc6 fr.pc=0x000001e507b87cd8 relative=0x0000000000002318
Event: 3.824 Thread 0x000001e56bd81000 Uncommon trap: reason=bimorphic_or_optimized_type_check action=maybe_recompile pc=0x000001e507b87cd8 method=java.net.URL.<init>(Ljava/net/URL;Ljava/lang/String;Ljava/net/URLStreamHandler;)V @ 504 c2
Event: 3.824 Thread 0x000001e56bd81000 DEOPT PACKING pc=0x000001e507b87cd8 sp=0x000000a129cfd960
Event: 3.824 Thread 0x000001e56bd81000 DEOPT UNPACKING pc=0x000001e50000822f sp=0x000000a129cfd8e0 mode 2

Classes redefined (0 events):
No events

Internal exceptions (20 events):
Event: 3.031 Thread 0x000001e56bd81000 Exception <a 'java/lang/NoSuchMethodError'{0x000000074a8ace70}: 'void java.lang.invoke.DirectMethodHandle$Holder.invokeSpecial(java.lang.Object, java.lang.Object, java.lang.Object, java.lang.Object)'> (0x000000074a8ace70) thrown at [c:/cygwin64/tmp/openjd
Event: 3.045 Thread 0x000001e56bd81000 Exception <a 'java/lang/reflect/InvocationTargetException'{0x000000074a713920}> (0x000000074a713920) thrown at [c:/cygwin64/tmp/openjdk-jdk11u-windows-x64-hotspot/workspace/build/src/src/hotspot/share/runtime/reflection.cpp, line 1246]
Event: 3.132 Thread 0x000001e56bd81000 Exception <a 'java/lang/reflect/InvocationTargetException'{0x000000074a5ad8a0}> (0x000000074a5ad8a0) thrown at [c:/cygwin64/tmp/openjdk-jdk11u-windows-x64-hotspot/workspace/build/src/src/hotspot/share/runtime/reflection.cpp, line 1246]
Event: 3.341 Thread 0x000001e56bd81000 Exception <a 'java/lang/NoSuchMethodError'{0x0000000749f83998}: 'java.lang.Object java.lang.invoke.DirectMethodHandle$Holder.invokeStatic(java.lang.Object, java.lang.Object, int, java.lang.Object)'> (0x0000000749f83998) thrown at [c:/cygwin64/tmp/openjdk-
Event: 3.342 Thread 0x000001e56bd81000 Exception <a 'java/lang/NoSuchMethodError'{0x0000000749f8a578}: 'java.lang.Object java.lang.invoke.Invokers$Holder.linkToTargetMethod(java.lang.Object, int, java.lang.Object)'> (0x0000000749f8a578) thrown at [c:/cygwin64/tmp/openjdk-jdk11u-windows-x64-hot
Event: 3.343 Thread 0x000001e56bd81000 Exception <a 'java/lang/NoSuchMethodError'{0x0000000749f8d3e8}: 'void java.lang.invoke.DirectMethodHandle$Holder.invokeSpecial(java.lang.Object, java.lang.Object)'> (0x0000000749f8d3e8) thrown at [c:/cygwin64/tmp/openjdk-jdk11u-windows-x64-hotspot/workspa
Event: 3.391 Thread 0x000001e56bd81000 Exception <a 'java/lang/NoSuchMethodError'{0x0000000749e4f190}: 'java.lang.Object java.lang.invoke.DirectMethodHandle$Holder.invokeStaticInit(java.lang.Object, java.lang.Object, java.lang.Object)'> (0x0000000749e4f190) thrown at [c:/cygwin64/tmp/openjdk-j
Event: 3.672 Thread 0x000001e56bd81000 Exception <a 'sun/nio/fs/WindowsException'{0x0000000749959f78}> (0x0000000749959f78) thrown at [c:/cygwin64/tmp/openjdk-jdk11u-windows-x64-hotspot/workspace/build/src/src/hotspot/share/prims/jni.cpp, line 615]
Event: 3.784 Thread 0x000001e56bd81000 Implicit null exception at 0x000001e507b2f8f7 to 0x000001e507b2fc02
Event: 4.324 Thread 0x000001e50fc9e000 Exception <a 'java/lang/NoSuchMethodError'{0x0000000749511a58}: 'void java.lang.invoke.DirectMethodHandle$Holder.invokeStatic(java.lang.Object, long)'> (0x0000000749511a58) thrown at [c:/cygwin64/tmp/openjdk-jdk11u-windows-x64-hotspot/workspace/build/src/
Event: 4.325 Thread 0x000001e50fc9e000 Exception <a 'java/lang/NoSuchMethodError'{0x00000007495169c8}: 'java.lang.Object java.lang.invoke.DirectMethodHandle$Holder.invokeStatic(java.lang.Object, long)'> (0x00000007495169c8) thrown at [c:/cygwin64/tmp/openjdk-jdk11u-windows-x64-hotspot/workspac
Event: 4.330 Thread 0x000001e50fc9e000 Exception <a 'java/lang/NoSuchMethodError'{0x00000007495246c0}: 'java.lang.Object java.lang.invoke.DirectMethodHandle$Holder.invokeStaticInit(java.lang.Object, java.lang.Object, long, java.lang.Object)'> (0x00000007495246c0) thrown at [c:/cygwin64/tmp/ope
Event: 4.330 Thread 0x000001e50fc9e000 Exception <a 'java/lang/NoSuchMethodError'{0x000000074952a0e8}: 'java.lang.Object java.lang.invoke.DirectMethodHandle$Holder.invokeStatic(java.lang.Object, java.lang.Object, long)'> (0x000000074952a0e8) thrown at [c:/cygwin64/tmp/openjdk-jdk11u-windows-x6
Event: 4.332 Thread 0x000001e50fc9e000 Exception <a 'java/lang/NoSuchMethodError'{0x00000007495303b8}: 'java.lang.Object java.lang.invoke.Invokers$Holder.linkToTargetMethod(java.lang.Object, long, java.lang.Object)'> (0x00000007495303b8) thrown at [c:/cygwin64/tmp/openjdk-jdk11u-windows-x64-ho
Event: 4.355 Thread 0x000001e510c63000 Exception <a 'java/net/SocketTimeoutException'{0x000000074940a0b8}: connect timed out> (0x000000074940a0b8) thrown at [c:/cygwin64/tmp/openjdk-jdk11u-windows-x64-hotspot/workspace/build/src/src/hotspot/share/prims/jni.cpp, line 636]
Event: 4.866 Thread 0x000001e510c63000 Exception <a 'java/net/SocketTimeoutException'{0x000000074940b140}: connect timed out> (0x000000074940b140) thrown at [c:/cygwin64/tmp/openjdk-jdk11u-windows-x64-hotspot/workspace/build/src/src/hotspot/share/prims/jni.cpp, line 636]
Event: 4.932 Thread 0x000001e56bd81000 Exception <a 'java/lang/NoSuchMethodError'{0x00000007493389d0}: 'java.lang.Object java.lang.invoke.DirectMethodHandle$Holder.invokeInterface(java.lang.Object, java.lang.Object, java.lang.Object)'> (0x00000007493389d0) thrown at [c:/cygwin64/tmp/openjdk-jd
Event: 4.932 Thread 0x000001e56bd81000 Exception <a 'java/lang/IncompatibleClassChangeError'{0x000000074933b958}: Found class java.lang.Object, but interface was expected> (0x000000074933b958) thrown at [c:/cygwin64/tmp/openjdk-jdk11u-windows-x64-hotspot/workspace/build/src/src/hotspot/share/i
Event: 4.934 Thread 0x000001e56bd81000 Exception <a 'java/lang/NoSuchMethodError'{0x0000000749342230}: 'int java.lang.invoke.DirectMethodHandle$Holder.invokeSpecialIFC(java.lang.Object, java.lang.Object, java.lang.Object, java.lang.Object)'> (0x0000000749342230) thrown at [c:/cygwin64/tmp/open
Event: 4.934 Thread 0x000001e56bd81000 Exception <a 'java/lang/NoSuchMethodError'{0x000000074934a750}: 'java.lang.Object java.lang.invoke.DirectMethodHandle$Holder.invokeInterface(java.lang.Object, java.lang.Object, java.lang.Object, java.lang.Object)'> (0x000000074934a750) thrown at [c:/cygwi

Events (20 events):
Event: 4.930 loading class org/openqa/selenium/remote/AcceptedW3CCapabilityKeys
Event: 4.930 loading class org/openqa/selenium/remote/AcceptedW3CCapabilityKeys done
Event: 4.931 Executing VM operation: RevokeBias
Event: 4.931 Executing VM operation: RevokeBias done
Event: 4.933 loading class java/util/stream/ReduceOps$1
Event: 4.933 loading class java/util/stream/ReduceOps$1 done
Event: 4.933 loading class java/util/stream/ReduceOps$1ReducingSink
Event: 4.933 loading class java/util/stream/ReduceOps$1ReducingSink done
Event: 4.935 loading class java/util/stream/Streams$ConcatSpliterator$OfRef
Event: 4.935 loading class java/util/stream/Streams$ConcatSpliterator
Event: 4.935 loading class java/util/stream/Streams$ConcatSpliterator done
Event: 4.935 loading class java/util/stream/Streams$ConcatSpliterator$OfRef done
Event: 4.936 loading class java/util/stream/StreamSpliterators$WrappingSpliterator
Event: 4.936 loading class java/util/stream/StreamSpliterators$AbstractWrappingSpliterator
Event: 4.936 loading class java/util/stream/StreamSpliterators$AbstractWrappingSpliterator done
Event: 4.936 loading class java/util/stream/StreamSpliterators$WrappingSpliterator done
Event: 4.936 loading class java/util/stream/Streams$2
Event: 4.936 loading class java/util/stream/Streams$2 done
Event: 4.936 loading class com/google/common/collect/CollectCollectors
Event: 4.936 loading class com/google/common/collect/CollectCollectors done


Dynamic libraries:
0x00007ff740210000 - 0x00007ff74021d000 	C:\Program Files\AdoptOpenJDK\jdk-11.0.5.10-hotspot\bin\javaw.exe
0x000001e569860000 - 0x000001e569a41000 	C:\Windows\SYSTEM32\ntd1l.dll
0x000001e569680000 - 0x000001e569731000 	C:\Windows\System32\kern3l32.dll
0x00007ff85fc80000 - 0x00007ff85fe61000 	C:\Windows\SYSTEM32\ntdll.dll
0x00007ff85fb30000 - 0x00007ff85fbe1000 	C:\Windows\System32\KERNEL32.DLL
0x00007ff85c150000 - 0x00007ff85c3c3000 	C:\Windows\System32\KERNELBASE.dll
0x00007ff85bcf0000 - 0x00007ff85be87000 	C:\Program Files\SentinelOne\Sentinel Agent 4.1.4.82\InProcessClient64.dll
0x00007ff85f840000 - 0x00007ff85f8e1000 	C:\Windows\System32\ADVAPI32.dll
0x00007ff85d2b0000 - 0x00007ff85d34e000 	C:\Windows\System32\msvcrt.dll
0x00007ff85d350000 - 0x00007ff85d3ab000 	C:\Windows\System32\sechost.dll
0x00007ff85d750000 - 0x00007ff85d874000 	C:\Windows\System32\RPCRT4.dll
0x00007ff85c5c0000 - 0x00007ff85c6b8000 	C:\Windows\System32\ucrtbase.dll
0x00007ff84b170000 - 0x00007ff84b186000 	C:\Program Files\AdoptOpenJDK\jdk-11.0.5.10-hotspot\bin\VCRUNTIME140.dll
0x00007ff84b130000 - 0x00007ff84b147000 	C:\Program Files\AdoptOpenJDK\jdk-11.0.5.10-hotspot\bin\jli.dll
0x00007ff85d4a0000 - 0x00007ff85d630000 	C:\Windows\System32\USER32.dll
0x00007ff84c670000 - 0x00007ff84c8d9000 	C:\Windows\WinSxS\amd64_microsoft.windows.common-controls_6595b64144ccf1df_6.0.17134.765_none_fb42a1a930655896\COMCTL32.dll
0x00007ff85ce50000 - 0x00007ff85ce70000 	C:\Windows\System32\win32u.dll
0x00007ff85d880000 - 0x00007ff85dba2000 	C:\Windows\System32\combase.dll
0x00007ff85e100000 - 0x00007ff85e128000 	C:\Windows\System32\GDI32.dll
0x00007ff85cdd0000 - 0x00007ff85ce4a000 	C:\Windows\System32\bcryptPrimitives.dll
0x00007ff85ce70000 - 0x00007ff85d002000 	C:\Windows\System32\gdi32full.dll
0x00007ff85c0b0000 - 0x00007ff85c14f000 	C:\Windows\System32\msvcp_win.dll
0x00007ff85d470000 - 0x00007ff85d49d000 	C:\Windows\System32\IMM32.DLL
0x00007ff85bc40000 - 0x00007ff85bc4a000 	C:\Windows\SYSTEM32\VERSION.dll
0x00007ff830fb0000 - 0x00007ff83104b000 	C:\Program Files\AdoptOpenJDK\jdk-11.0.5.10-hotspot\bin\msvcp140.dll
0x00007ff8217f0000 - 0x00007ff8222aa000 	C:\Program Files\AdoptOpenJDK\jdk-11.0.5.10-hotspot\bin\server\jvm.dll
0x00007ff85e0f0000 - 0x00007ff85e0f8000 	C:\Windows\System32\PSAPI.DLL
0x00007ff8549f0000 - 0x00007ff8549f9000 	C:\Windows\SYSTEM32\WSOCK32.dll
0x00007ff85fac0000 - 0x00007ff85fb2c000 	C:\Windows\System32\WS2_32.dll
0x00007ff859e80000 - 0x00007ff859ea3000 	C:\Windows\SYSTEM32\WINMM.dll
0x00007ff859e50000 - 0x00007ff859e7a000 	C:\Windows\SYSTEM32\WINMMBASE.dll
0x00007ff85d0c0000 - 0x00007ff85d109000 	C:\Windows\System32\cfgmgr32.dll
0x00007ff85bfb0000 - 0x00007ff85bfc1000 	C:\Windows\System32\kernel.appcore.dll
0x00007ff858f60000 - 0x00007ff858f70000 	C:\Program Files\AdoptOpenJDK\jdk-11.0.5.10-hotspot\bin\verify.dll
0x00007ff84ddc0000 - 0x00007ff84df89000 	C:\Windows\SYSTEM32\DBGHELP.DLL
0x00007ff84db10000 - 0x00007ff84db39000 	C:\Windows\SYSTEM32\dbgcore.DLL
0x00007ff84af80000 - 0x00007ff84afa8000 	C:\Program Files\AdoptOpenJDK\jdk-11.0.5.10-hotspot\bin\java.dll
0x00007ff856a90000 - 0x00007ff856aa6000 	C:\Program Files\AdoptOpenJDK\jdk-11.0.5.10-hotspot\bin\zip.dll
0x00007ff858f50000 - 0x00007ff858f5a000 	C:\Program Files\AdoptOpenJDK\jdk-11.0.5.10-hotspot\bin\jimage.dll
0x00007ff85e400000 - 0x00007ff85f840000 	C:\Windows\System32\SHELL32.dll
0x00007ff85d3c0000 - 0x00007ff85d469000 	C:\Windows\System32\shcore.dll
0x00007ff85c6c0000 - 0x00007ff85cdcd000 	C:\Windows\System32\windows.storage.dll
0x00007ff85fbf0000 - 0x00007ff85fc41000 	C:\Windows\System32\shlwapi.dll
0x00007ff85bfe0000 - 0x00007ff85bfff000 	C:\Windows\System32\profapi.dll
0x00007ff85c000000 - 0x00007ff85c04c000 	C:\Windows\System32\powrprof.dll
0x00007ff85bfd0000 - 0x00007ff85bfda000 	C:\Windows\System32\FLTLIB.DLL
0x00007ff851200000 - 0x00007ff851219000 	C:\Program Files\AdoptOpenJDK\jdk-11.0.5.10-hotspot\bin\net.dll
0x00007ff857b50000 - 0x00007ff857c2d000 	C:\Windows\SYSTEM32\WINHTTP.dll
0x00007ff85b600000 - 0x00007ff85b666000 	C:\Windows\system32\mswsock.dll
0x00007ff84c140000 - 0x00007ff84c152000 	C:\Program Files\AdoptOpenJDK\jdk-11.0.5.10-hotspot\bin\nio.dll
0x00007ff85b3d0000 - 0x00007ff85b48e000 	C:\Windows\SYSTEM32\DNSAPI.dll
0x00007ff85d3b0000 - 0x00007ff85d3b8000 	C:\Windows\System32\NSI.dll
0x00007ff85b380000 - 0x00007ff85b3b8000 	C:\Windows\SYSTEM32\IPHLPAPI.DLL
0x00007ff854510000 - 0x00007ff85451a000 	C:\Windows\System32\rasadhlp.dll
0x00007ff8574e0000 - 0x00007ff857552000 	C:\Windows\System32\fwpuclnt.dll
0x00007ff85b8e0000 - 0x00007ff85b905000 	C:\Windows\SYSTEM32\bcrypt.dll
0x00007ff85b7b0000 - 0x00007ff85b7c7000 	C:\Windows\SYSTEM32\CRYPTSP.dll
0x00007ff85afb0000 - 0x00007ff85afe3000 	C:\Windows\system32\rsaenh.dll
0x00007ff85bec0000 - 0x00007ff85bee8000 	C:\Windows\SYSTEM32\USERENV.dll
0x00007ff85b7d0000 - 0x00007ff85b7db000 	C:\Windows\SYSTEM32\CRYPTBASE.dll
0x00007ff857220000 - 0x00007ff857236000 	C:\Windows\SYSTEM32\dhcpcsvc6.DLL
0x00007ff8571d0000 - 0x00007ff8571ea000 	C:\Windows\SYSTEM32\dhcpcsvc.DLL
0x00007ff838800000 - 0x00007ff838826000 	C:\Program Files\AdoptOpenJDK\jdk-11.0.5.10-hotspot\bin\sunec.dll
0x00007ff84af10000 - 0x00007ff84af1d000 	C:\Program Files\AdoptOpenJDK\jdk-11.0.5.10-hotspot\bin\sunmscapi.dll
0x00007ff85c3d0000 - 0x00007ff85c5b2000 	C:\Windows\System32\CRYPT32.dll
0x00007ff85bf90000 - 0x00007ff85bfa2000 	C:\Windows\System32\MSASN1.dll
0x00007ff85b8b0000 - 0x00007ff85b8d6000 	C:\Windows\SYSTEM32\ncrypt.dll
0x00007ff85b870000 - 0x00007ff85b8a6000 	C:\Windows\SYSTEM32\NTASN1.dll

dbghelp: loaded successfully - version: 4.0.5 - missing functions: none
symbol engine: initialized successfully - sym options: 0x614 - pdb path: .;C:\Program Files\AdoptOpenJDK\jdk-11.0.5.10-hotspot\bin;C:\Windows\SYSTEM32;C:\Program Files\SentinelOne\Sentinel Agent 4.1.4.82;C:\Windows\WinSxS\amd64_microsoft.windows.common-controls_6595b64144ccf1df_6.0.17134.765_none_fb42a1a930655896;C:\Program Files\AdoptOpenJDK\jdk-11.0.5.10-hotspot\bin\server

VM Arguments:
jvm_args: -ea -Dfile.encoding=Cp1252 
java_command: org.testng.remote.RemoteTestNG -serport 55870 -protocol json -d C:\eclipse-workspace\Dynamics-CRM-V1.0\TestNG\test-output C:\eclipse-workspace\Dynamics-CRM-V1.0\TestNG\testng.xml
java_class_path (initial): E:\schandr3\eclipse\java-2020-09\eclipse\configuration\org.eclipse.osgi\429\0\.cp\lib\testng-remote.jar;C:\eclipse-workspace\Dynamics-CRM-V1.0\TestNG\target\test-classes;C:\eclipse-workspace\Dynamics-CRM-V1.0\TestNG\target\classes;E:\schandr3\.p2\pool\plugins\org.testng_7.3.0.r202008060316.jar;E:\schandr3\.p2\pool\plugins\com.beust.jcommander_1.78.0.jar;E:\schandr3\.p2\pool\plugins\org.apache-extras.beanshell.bsh_2.0.0.b6.jar;E:\schandr3\.p2\pool\plugins\org.yaml.snakeyaml_1.21.0.jar;E:\schandr3\.p2\pool\plugins\org.junit_4.13.0.v20200204-1500.jar;E:\schandr3\.p2\pool\plugins\org.hamcrest.core_1.3.0.v20180420-1519.jar;E:\Selenium\testng-7.1.0.jar;E:\schandr3\.m2\repository\org\testng\testng\7.3.0\testng-7.3.0.jar;E:\schandr3\.m2\repository\com\beust\jcommander\1.78\jcommander-1.78.jar;E:\schandr3\.m2\repository\org\apache\ant\ant\1.10.3\ant-1.10.3.jar;E:\schandr3\.m2\repository\org\apache\ant\ant-launcher\1.10.3\ant-launcher-1.10.3.jar;E:\schandr3\.m2\repository\junit\junit\4.12\junit-4.12.jar;E:\schandr3\.m2\repository\org\hamcrest\hamcrest-core\1.3\hamcrest-core-1.3.jar;E:\schandr3\.m2\repository\com\google\inject\guice\4.2.2\guice-4.2.2-no_aop.jar;E:\schandr3\.m2\repository\javax\inject\javax.inject\1\javax.inject-1.jar;E:\schandr3\.m2\repository\aopalliance\aopalliance\1.0\aopalliance-1.0.jar;E:\schandr3\.m2\repository\org\yaml\snakeyaml\1.21\snakeyaml-1.21.jar;E:\schandr3\.m2\repository\org\seleniumhq\selenium\selenium-java\4.0.0-alpha-1\selenium-java-4.0.0-alpha-1.jar;E:\schandr3\.m2\repository\org\seleniumhq\selenium\selenium-chrome-driver\4.0.0-alpha-1\selenium-chrome-driver-4.0.0-alpha-1.jar;E:\schandr3\.m2\repository\org\seleniumhq\selenium\selenium-remote-driver\4.0.0-alpha-1\selenium-remote-driver-4.0.0-alpha-1.jar;E:\schandr3\.m2\repository\org\seleniumhq\selenium\selenium-api\4.0.0-alpha-1\selenium-api-4.0.0-alpha-1.jar;E:\schandr3\.m2\repository\net\bytebuddy\byte-buddy\1.9.12\byte-buddy-1.9.12.jar;E:\schandr3\.m2\reposito
Launcher Type: SUN_STANDARD

[Global flags]
     intx CICompilerCount                          = 4                                         {product} {ergonomic}
     uint ConcGCThreads                            = 2                                         {product} {ergonomic}
     uint G1ConcRefinementThreads                  = 8                                         {product} {ergonomic}
   size_t G1HeapRegionSize                         = 1048576                                   {product} {ergonomic}
    uintx GCDrainStackTargetSize                   = 64                                        {product} {ergonomic}
   size_t InitialHeapSize                          = 201326592                                 {product} {ergonomic}
   size_t MarkStackSize                            = 4194304                                   {product} {ergonomic}
   size_t MaxHeapSize                              = 3221225472                                {product} {ergonomic}
   size_t MaxNewSize                               = 1932525568                                {product} {ergonomic}
   size_t MinHeapDeltaBytes                        = 1048576                                   {product} {ergonomic}
    uintx NonNMethodCodeHeapSize                   = 5836300                                {pd product} {ergonomic}
    uintx NonProfiledCodeHeapSize                  = 122910970                              {pd product} {ergonomic}
    uintx ProfiledCodeHeapSize                     = 122910970                              {pd product} {ergonomic}
    uintx ReservedCodeCacheSize                    = 251658240                              {pd product} {ergonomic}
     bool SegmentedCodeCache                       = true                                      {product} {ergonomic}
     bool UseCompressedClassPointers               = true                                 {lp64_product} {ergonomic}
     bool UseCompressedOops                        = true                                 {lp64_product} {ergonomic}
     bool UseG1GC                                  = true                                      {product} {ergonomic}
     bool UseLargePagesIndividualAllocation        = false                                  {pd product} {ergonomic}

Logging:
Log output configuration:
 #0: stdout all=warning uptime,level,tags
 #1: stderr all=off uptime,level,tags

Environment Variables:
JAVA_HOME=C:\Program Files\AdoptOpenJDK\jdk-11.0.5.10-hotspot\
PATH=C:/Program Files/AdoptOpenJDK/jdk-11.0.5.10-hotspot/bin/client;C:/Program Files/AdoptOpenJDK/jdk-11.0.5.10-hotspot/bin;C:\Program Files\AdoptOpenJDK\jdk-11.0.5.10-hotspot\bin;C:\Windows\system32;C:\Windows;C:\Windows\System32\Wbem;C:\Windows\System32\WindowsPowerShell\v1.0\;C:\Windows\System32\OpenSSH\;C:\Program Files\PuTTY\;C:\Program Files (x86)\Microsoft SQL Server\150\DTS\Binn\;C:\Program Files\dotnet\;C:\Program Files\Microsoft SQL Server\130\Tools\Binn\;C:\Program Files\Microsoft SQL Server\Client SDK\ODBC\170\Tools\Binn\;C:\Program Files\Microsoft VS Code\bin;E:\schandr3\AppData\Local\Microsoft\WindowsApps;;C:\Windows\system32;
USERNAME=schandr3
OS=Windows_NT
PROCESSOR_IDENTIFIER=Intel64 Family 6 Model 85 Stepping 7, GenuineIntel



---------------  S Y S T E M  ---------------

OS: Windows 10 , 64 bit Build 17134 (10.0.17134.753)
KVM virtualization detected

CPU:total 8 (initial active 8) (2 cores per cpu, 2 threads per core) family 6 model 85 stepping 7, cmov, cx8, fxsr, mmx, sse, sse2, sse3, ssse3, sse4.1, sse4.2, popcnt, avx, avx2, aes, clmul, erms, rtm, 3dnowpref, lzcnt, ht, tsc, bmi1, bmi2, adx, evex, fma

Memory: 4k page, system-wide physical 12287M (507M free)
TotalPageFile size 12287M (AvailPageFile size 4M)
current process WorkingSet (physical memory assigned to process): 170M, peak: 170M
current process commit charge ("private bytes"): 344M, peak: 346M

vm_info: OpenJDK 64-Bit Server VM (11.0.5+10) for windows-amd64 JRE (11.0.5+10), built on Oct 19 2019 12:23:57 by "" with MS VC++ 15.8 (VS2017)

END.
