#
# There is insufficient memory for the Java Runtime Environment to continue.
# Native memory allocation (malloc) failed to allocate 32784 bytes for Chunk::new
# Possible reasons:
#   The system is out of physical RAM or swap space
#   The process is running with CompressedOops enabled, and the Java Heap may be blocking the growth of the native heap
# Possible solutions:
#   Reduce memory load on the system
#   Increase physical memory or swap space
#   Check if swap backing store is full
#   Decrease Java heap size (-Xmx/-Xms)
#   Decrease number of Java threads
#   Decrease Java thread stack sizes (-Xss)
#   Set larger code cache with -XX:ReservedCodeCacheSize=
#   JVM is running with Zero Based Compressed Oops mode in which the Java heap is
#     placed in the first 32GB address space. The Java Heap base address is the
#     maximum limit for the native heap growth. Please use -XX:HeapBaseMinAddress
#     to set the Java Heap base and to place the Java Heap above 32GB virtual address.
# This output file may be truncated or incomplete.
#
#  Out of Memory Error (c:/cygwin64/tmp/openjdk-jdk11u-windows-x64-hotspot/workspace/build/src/src/hotspot/share/memory/arena.cpp:197), pid=8564, tid=10724
#
# JRE version: OpenJDK Runtime Environment (11.0.5+10) (build 11.0.5+10)
# Java VM: OpenJDK 64-Bit Server VM (11.0.5+10, mixed mode, tiered, compressed oops, g1 gc, windows-amd64)
# No core dump will be written. Minidumps are not enabled by default on client versions of Windows
#

---------------  S U M M A R Y ------------

Command Line: -ea -Dfile.encoding=Cp1252 org.testng.remote.RemoteTestNG -serport 55362 -protocol json -d C:\eclipse-workspace\Dynamics-CRM-V1.0\TestNG\test-output C:\eclipse-workspace\Dynamics-CRM-V1.0\TestNG\testng.xml

Host: Intel(R) Xeon(R) Gold 6230 CPU @ 2.10GHz, 8 cores, 11G,  Windows 10 , 64 bit Build 17134 (10.0.17134.753)
Time: Thu Jan  7 04:28:12 2021 India Standard Time elapsed time: 4 seconds (0d 0h 0m 4s)

---------------  T H R E A D  ---------------

Current thread (0x000001c224eee800):  JavaThread "C2 CompilerThread0" daemon [_thread_in_native, id=10724, stack(0x000000be8bc00000,0x000000be8bd00000)]


Current CompileTask:
C2:   4811 3199       4       java.lang.invoke.MethodType::makeImpl (108 bytes)

Stack: [0x000000be8bc00000,0x000000be8bd00000]
Native frames: (J=compiled Java code, j=interpreted, Vv=VM code, C=native code)
V  [jvm.dll+0x5d9aaa]
V  [msvcp140.dll+0x70ed1e]
V  [jvm.dll+0x7103ab]
V  [jvm.dll+0x710a73]
V  [jvm.dll+0x23f658]
V  [jvm.dll+0xb908c]
V  [jvm.dll+0xb961c]
V  [jvm.dll+0xc721a]
V  [jvm.dll+0x4ee3eb]
V  [jvm.dll+0x4ec3c4]
V  [jvm.dll+0x4ecc5f]
V  [jvm.dll+0x4ec1bf]
V  [jvm.dll+0x4ec1d3]
V  [jvm.dll+0x4ec1d3]
V  [jvm.dll+0x4ec1d3]
V  [jvm.dll+0x4ec1d3]
V  [jvm.dll+0x4ec1d3]
V  [jvm.dll+0x4ec1d3]
V  [jvm.dll+0x4ec1d3]
V  [jvm.dll+0x4ec1d3]
V  [jvm.dll+0x4ec1d3]
V  [jvm.dll+0x4ec1d3]
V  [jvm.dll+0x4ec1d3]
V  [jvm.dll+0x4fba07]
V  [jvm.dll+0x1fb1f1]
V  [jvm.dll+0x1f87bf]
V  [jvm.dll+0x17d67c]
V  [jvm.dll+0x2078a7]
V  [jvm.dll+0x205dfb]
V  [jvm.dll+0x6d4c7c]
V  [jvm.dll+0x6cdcbc]
V  [jvm.dll+0x5d8d26]
C  [ucrtbase.dll+0x1e3fe]
C  [KERNEL32.DLL+0x14034]
C  [ntdll.dll+0x73691]


---------------  P R O C E S S  ---------------

Threads class SMR info:
_java_thread_list=0x000001c228729d80, length=21, elements={
0x000001c203051000, 0x000001c224e7f800, 0x000001c224e8a000, 0x000001c224eea000,
0x000001c224eec800, 0x000001c224eee800, 0x000001c224e9c000, 0x000001c224ef7000,
0x000001c225086000, 0x000001c2250ad800, 0x000001c225b1e000, 0x000001c227b8c800,
0x000001c227d78000, 0x000001c225f3f000, 0x000001c227b21800, 0x000001c22522d800,
0x000001c227e87000, 0x000001c227a73800, 0x000001c2261dd000, 0x000001c226829800,
0x000001c228170800
}

Java Threads: ( => current thread )
  0x000001c203051000 JavaThread "Forwarding maximizeCurrentWindow on session 6a8356f19ea7e0367169d8274c239e2e to remote" [_thread_in_native, id=16584, stack(0x000000be8b100000,0x000000be8b200000)]
  0x000001c224e7f800 JavaThread "Reference Handler" daemon [_thread_blocked, id=13540, stack(0x000000be8b800000,0x000000be8b900000)]
  0x000001c224e8a000 JavaThread "Finalizer" daemon [_thread_blocked, id=3040, stack(0x000000be8b900000,0x000000be8ba00000)]
  0x000001c224eea000 JavaThread "Signal Dispatcher" daemon [_thread_blocked, id=14100, stack(0x000000be8ba00000,0x000000be8bb00000)]
  0x000001c224eec800 JavaThread "Attach Listener" daemon [_thread_blocked, id=17888, stack(0x000000be8bb00000,0x000000be8bc00000)]
=>0x000001c224eee800 JavaThread "C2 CompilerThread0" daemon [_thread_in_native, id=10724, stack(0x000000be8bc00000,0x000000be8bd00000)]
  0x000001c224e9c000 JavaThread "C1 CompilerThread0" daemon [_thread_blocked, id=4592, stack(0x000000be8bd00000,0x000000be8be00000)]
  0x000001c224ef7000 JavaThread "Sweeper thread" daemon [_thread_blocked, id=2240, stack(0x000000be8be00000,0x000000be8bf00000)]
  0x000001c225086000 JavaThread "Service Thread" daemon [_thread_blocked, id=2944, stack(0x000000be8bf00000,0x000000be8c000000)]
  0x000001c2250ad800 JavaThread "Common-Cleaner" daemon [_thread_blocked, id=12564, stack(0x000000be8c100000,0x000000be8c200000)]
  0x000001c225b1e000 JavaThread "ReaderThread" [_thread_in_native, id=3544, stack(0x000000be8c400000,0x000000be8c500000)]
  0x000001c227b8c800 JavaThread "Exec Default Executor" daemon [_thread_in_native, id=18524, stack(0x000000be8ca00000,0x000000be8cb00000)]
  0x000001c227d78000 JavaThread "UrlChecker-2" daemon [_thread_blocked, id=16696, stack(0x000000be8cb00000,0x000000be8cc00000)]
  0x000001c225f3f000 JavaThread "Exec Stream Pumper" daemon [_thread_in_native, id=15320, stack(0x000000be8c800000,0x000000be8c900000)]
  0x000001c227b21800 JavaThread "Exec Stream Pumper" daemon [_thread_in_native, id=10492, stack(0x000000be8cc00000,0x000000be8cd00000)]
  0x000001c22522d800 JavaThread "Keep-Alive-Timer" daemon [_thread_blocked, id=8328, stack(0x000000be8c200000,0x000000be8c300000)]
  0x000001c227e87000 JavaThread "OkHttp ConnectionPool" daemon [_thread_blocked, id=16912, stack(0x000000be8cd00000,0x000000be8ce00000)]
  0x000001c227a73800 JavaThread "Okio Watchdog" daemon [_thread_blocked, id=19188, stack(0x000000be8ce00000,0x000000be8cf00000)]
  0x000001c2261dd000 JavaThread "OkHttp ConnectionPool" daemon [_thread_blocked, id=7604, stack(0x000000be8cf00000,0x000000be8d000000)]
  0x000001c226829800 JavaThread "OkHttp http://localhost:55430/..." [_thread_in_native, id=10188, stack(0x000000be8d000000,0x000000be8d100000)]
  0x000001c228170800 JavaThread "C2 CompilerThread1" daemon [_thread_blocked, id=14648, stack(0x000000be8d100000,0x000000be8d200000)]

Other Threads:
  0x000001c224e58800 VMThread "VM Thread" [stack: 0x000000be8b700000,0x000000be8b800000] [id=13020]
  0x000001c2250ac000 WatcherThread [stack: 0x000000be8c000000,0x000000be8c100000] [id=1572]
  0x000001c203068000 GCTaskThread "GC Thread#0" [stack: 0x000000be8b200000,0x000000be8b300000] [id=13820]
  0x000001c225ea7800 GCTaskThread "GC Thread#1" [stack: 0x000000be8c500000,0x000000be8c600000] [id=1876]
  0x000001c225ea3000 GCTaskThread "GC Thread#2" [stack: 0x000000be8c600000,0x000000be8c700000] [id=6056]
  0x000001c225ea2800 GCTaskThread "GC Thread#3" [stack: 0x000000be8c700000,0x000000be8c800000] [id=16392]
  0x000001c225ea6800 GCTaskThread "GC Thread#4" [stack: 0x000000be8d200000,0x000000be8d300000] [id=9728]
  0x000001c2030b2800 ConcurrentGCThread "G1 Main Marker" [stack: 0x000000be8b300000,0x000000be8b400000] [id=7836]
  0x000001c2030b6800 ConcurrentGCThread "G1 Conc#0" [stack: 0x000000be8b400000,0x000000be8b500000] [id=2156]
  0x000001c225ea9000 ConcurrentGCThread "G1 Conc#1" [stack: 0x000000be8c900000,0x000000be8ca00000] [id=11500]
  0x000001c2244be800 ConcurrentGCThread "G1 Refine#0" [stack: 0x000000be8b500000,0x000000be8b600000] [id=3696]
  0x000001c2244c1800 ConcurrentGCThread "G1 Young RemSet Sampling" [stack: 0x000000be8b600000,0x000000be8b700000] [id=14996]

Threads with active compile tasks:
C2 CompilerThread0   4911 3199       4       java.lang.invoke.MethodType::makeImpl (108 bytes)

VM state:not at safepoint (normal execution)

VM Mutex/Monitor currently owned by a thread: None

Heap address: 0x0000000740000000, size: 3072 MB, Compressed Oops mode: Zero based, Oop shift amount: 3
Narrow klass base: 0x0000000800000000, Narrow klass shift: 0
Compressed class space size: 1073741824 Address: 0x0000000800000000

Heap:
 garbage-first heap   total 196608K, used 14794K [0x0000000740000000, 0x0000000800000000)
  region size 1024K, 8 young (8192K), 7 survivors (7168K)
 Metaspace       used 33123K, capacity 33913K, committed 33968K, reserved 1079296K
  class space    used 3741K, capacity 4080K, committed 4096K, reserved 1048576K
Heap Regions: E=young(eden), S=young(survivor), O=old, HS=humongous(starts), HC=humongous(continues), CS=collection set, F=free, A=archive, TAMS=top-at-mark-start (previous, next)
|   0|0x0000000740000000, 0x0000000740100000, 0x0000000740100000|100%|HS|  |TAMS 0x0000000740100000, 0x0000000740000000| Complete 
|   1|0x0000000740100000, 0x0000000740200000, 0x0000000740200000|100%| O|  |TAMS 0x0000000740200000, 0x0000000740100000| Untracked 
|   2|0x0000000740200000, 0x0000000740300000, 0x0000000740300000|100%| O|  |TAMS 0x0000000740300000, 0x0000000740200000| Untracked 
|   3|0x0000000740300000, 0x0000000740400000, 0x0000000740400000|100%| O|  |TAMS 0x0000000740400000, 0x0000000740300000| Untracked 
|   4|0x0000000740400000, 0x0000000740500000, 0x0000000740500000|100%| O|  |TAMS 0x0000000740500000, 0x0000000740400000| Untracked 
|   5|0x0000000740500000, 0x0000000740600000, 0x0000000740600000|100%| O|  |TAMS 0x0000000740600000, 0x0000000740500000| Untracked 
|   6|0x0000000740600000, 0x0000000740700000, 0x0000000740700000|100%| O|  |TAMS 0x0000000740700000, 0x0000000740600000| Untracked 
|   7|0x0000000740700000, 0x00000007407de000, 0x0000000740800000| 86%| O|  |TAMS 0x00000007407de000, 0x0000000740700000| Untracked 
|   8|0x0000000740800000, 0x0000000740800000, 0x0000000740900000|  0%| F|  |TAMS 0x0000000740800000, 0x0000000740800000| Untracked 
|   9|0x0000000740900000, 0x0000000740900000, 0x0000000740a00000|  0%| F|  |TAMS 0x0000000740900000, 0x0000000740900000| Untracked 
|  10|0x0000000740a00000, 0x0000000740a00000, 0x0000000740b00000|  0%| F|  |TAMS 0x0000000740a00000, 0x0000000740a00000| Untracked 
|  11|0x0000000740b00000, 0x0000000740b00000, 0x0000000740c00000|  0%| F|  |TAMS 0x0000000740b00000, 0x0000000740b00000| Untracked 
|  12|0x0000000740c00000, 0x0000000740c00000, 0x0000000740d00000|  0%| F|  |TAMS 0x0000000740c00000, 0x0000000740c00000| Untracked 
|  13|0x0000000740d00000, 0x0000000740d00000, 0x0000000740e00000|  0%| F|  |TAMS 0x0000000740d00000, 0x0000000740d00000| Untracked 
|  14|0x0000000740e00000, 0x0000000740e00000, 0x0000000740f00000|  0%| F|  |TAMS 0x0000000740e00000, 0x0000000740e00000| Untracked 
|  15|0x0000000740f00000, 0x0000000740f00000, 0x0000000741000000|  0%| F|  |TAMS 0x0000000740f00000, 0x0000000740f00000| Untracked 
|  16|0x0000000741000000, 0x0000000741000000, 0x0000000741100000|  0%| F|  |TAMS 0x0000000741000000, 0x0000000741000000| Untracked 
|  17|0x0000000741100000, 0x0000000741100000, 0x0000000741200000|  0%| F|  |TAMS 0x0000000741100000, 0x0000000741100000| Untracked 
|  18|0x0000000741200000, 0x0000000741200000, 0x0000000741300000|  0%| F|  |TAMS 0x0000000741200000, 0x0000000741200000| Untracked 
|  19|0x0000000741300000, 0x0000000741300000, 0x0000000741400000|  0%| F|  |TAMS 0x0000000741300000, 0x0000000741300000| Untracked 
|  20|0x0000000741400000, 0x0000000741400000, 0x0000000741500000|  0%| F|  |TAMS 0x0000000741400000, 0x0000000741400000| Untracked 
|  21|0x0000000741500000, 0x0000000741500000, 0x0000000741600000|  0%| F|  |TAMS 0x0000000741500000, 0x0000000741500000| Untracked 
|  22|0x0000000741600000, 0x0000000741600000, 0x0000000741700000|  0%| F|  |TAMS 0x0000000741600000, 0x0000000741600000| Untracked 
|  23|0x0000000741700000, 0x0000000741700000, 0x0000000741800000|  0%| F|  |TAMS 0x0000000741700000, 0x0000000741700000| Untracked 
|  24|0x0000000741800000, 0x0000000741800000, 0x0000000741900000|  0%| F|  |TAMS 0x0000000741800000, 0x0000000741800000| Untracked 
|  25|0x0000000741900000, 0x0000000741900000, 0x0000000741a00000|  0%| F|  |TAMS 0x0000000741900000, 0x0000000741900000| Untracked 
|  26|0x0000000741a00000, 0x0000000741a00000, 0x0000000741b00000|  0%| F|  |TAMS 0x0000000741a00000, 0x0000000741a00000| Untracked 
|  27|0x0000000741b00000, 0x0000000741b00000, 0x0000000741c00000|  0%| F|  |TAMS 0x0000000741b00000, 0x0000000741b00000| Untracked 
|  28|0x0000000741c00000, 0x0000000741c00000, 0x0000000741d00000|  0%| F|  |TAMS 0x0000000741c00000, 0x0000000741c00000| Untracked 
|  29|0x0000000741d00000, 0x0000000741d00000, 0x0000000741e00000|  0%| F|  |TAMS 0x0000000741d00000, 0x0000000741d00000| Untracked 
|  30|0x0000000741e00000, 0x0000000741e00000, 0x0000000741f00000|  0%| F|  |TAMS 0x0000000741e00000, 0x0000000741e00000| Untracked 
|  31|0x0000000741f00000, 0x0000000741f00000, 0x0000000742000000|  0%| F|  |TAMS 0x0000000741f00000, 0x0000000741f00000| Untracked 
|  32|0x0000000742000000, 0x0000000742000000, 0x0000000742100000|  0%| F|  |TAMS 0x0000000742000000, 0x0000000742000000| Untracked 
|  33|0x0000000742100000, 0x0000000742100000, 0x0000000742200000|  0%| F|  |TAMS 0x0000000742100000, 0x0000000742100000| Untracked 
|  34|0x0000000742200000, 0x0000000742200000, 0x0000000742300000|  0%| F|  |TAMS 0x0000000742200000, 0x0000000742200000| Untracked 
|  35|0x0000000742300000, 0x0000000742300000, 0x0000000742400000|  0%| F|  |TAMS 0x0000000742300000, 0x0000000742300000| Untracked 
|  36|0x0000000742400000, 0x0000000742400000, 0x0000000742500000|  0%| F|  |TAMS 0x0000000742400000, 0x0000000742400000| Untracked 
|  37|0x0000000742500000, 0x0000000742500000, 0x0000000742600000|  0%| F|  |TAMS 0x0000000742500000, 0x0000000742500000| Untracked 
|  38|0x0000000742600000, 0x0000000742600000, 0x0000000742700000|  0%| F|  |TAMS 0x0000000742600000, 0x0000000742600000| Untracked 
|  39|0x0000000742700000, 0x0000000742700000, 0x0000000742800000|  0%| F|  |TAMS 0x0000000742700000, 0x0000000742700000| Untracked 
|  40|0x0000000742800000, 0x0000000742800000, 0x0000000742900000|  0%| F|  |TAMS 0x0000000742800000, 0x0000000742800000| Untracked 
|  41|0x0000000742900000, 0x0000000742900000, 0x0000000742a00000|  0%| F|  |TAMS 0x0000000742900000, 0x0000000742900000| Untracked 
|  42|0x0000000742a00000, 0x0000000742a00000, 0x0000000742b00000|  0%| F|  |TAMS 0x0000000742a00000, 0x0000000742a00000| Untracked 
|  43|0x0000000742b00000, 0x0000000742b00000, 0x0000000742c00000|  0%| F|  |TAMS 0x0000000742b00000, 0x0000000742b00000| Untracked 
|  44|0x0000000742c00000, 0x0000000742c00000, 0x0000000742d00000|  0%| F|  |TAMS 0x0000000742c00000, 0x0000000742c00000| Untracked 
|  45|0x0000000742d00000, 0x0000000742d00000, 0x0000000742e00000|  0%| F|  |TAMS 0x0000000742d00000, 0x0000000742d00000| Untracked 
|  46|0x0000000742e00000, 0x0000000742e00000, 0x0000000742f00000|  0%| F|  |TAMS 0x0000000742e00000, 0x0000000742e00000| Untracked 
|  47|0x0000000742f00000, 0x0000000742f00000, 0x0000000743000000|  0%| F|  |TAMS 0x0000000742f00000, 0x0000000742f00000| Untracked 
|  48|0x0000000743000000, 0x0000000743000000, 0x0000000743100000|  0%| F|  |TAMS 0x0000000743000000, 0x0000000743000000| Untracked 
|  49|0x0000000743100000, 0x0000000743100000, 0x0000000743200000|  0%| F|  |TAMS 0x0000000743100000, 0x0000000743100000| Untracked 
|  50|0x0000000743200000, 0x0000000743200000, 0x0000000743300000|  0%| F|  |TAMS 0x0000000743200000, 0x0000000743200000| Untracked 
|  51|0x0000000743300000, 0x0000000743300000, 0x0000000743400000|  0%| F|  |TAMS 0x0000000743300000, 0x0000000743300000| Untracked 
|  52|0x0000000743400000, 0x0000000743400000, 0x0000000743500000|  0%| F|  |TAMS 0x0000000743400000, 0x0000000743400000| Untracked 
|  53|0x0000000743500000, 0x0000000743500000, 0x0000000743600000|  0%| F|  |TAMS 0x0000000743500000, 0x0000000743500000| Untracked 
|  54|0x0000000743600000, 0x0000000743600000, 0x0000000743700000|  0%| F|  |TAMS 0x0000000743600000, 0x0000000743600000| Untracked 
|  55|0x0000000743700000, 0x0000000743700000, 0x0000000743800000|  0%| F|  |TAMS 0x0000000743700000, 0x0000000743700000| Untracked 
|  56|0x0000000743800000, 0x0000000743800000, 0x0000000743900000|  0%| F|  |TAMS 0x0000000743800000, 0x0000000743800000| Untracked 
|  57|0x0000000743900000, 0x0000000743900000, 0x0000000743a00000|  0%| F|  |TAMS 0x0000000743900000, 0x0000000743900000| Untracked 
|  58|0x0000000743a00000, 0x0000000743a00000, 0x0000000743b00000|  0%| F|  |TAMS 0x0000000743a00000, 0x0000000743a00000| Untracked 
|  59|0x0000000743b00000, 0x0000000743b00000, 0x0000000743c00000|  0%| F|  |TAMS 0x0000000743b00000, 0x0000000743b00000| Untracked 
|  60|0x0000000743c00000, 0x0000000743c00000, 0x0000000743d00000|  0%| F|  |TAMS 0x0000000743c00000, 0x0000000743c00000| Untracked 
|  61|0x0000000743d00000, 0x0000000743d00000, 0x0000000743e00000|  0%| F|  |TAMS 0x0000000743d00000, 0x0000000743d00000| Untracked 
|  62|0x0000000743e00000, 0x0000000743e00000, 0x0000000743f00000|  0%| F|  |TAMS 0x0000000743e00000, 0x0000000743e00000| Untracked 
|  63|0x0000000743f00000, 0x0000000743f00000, 0x0000000744000000|  0%| F|  |TAMS 0x0000000743f00000, 0x0000000743f00000| Untracked 
|  64|0x0000000744000000, 0x0000000744000000, 0x0000000744100000|  0%| F|  |TAMS 0x0000000744000000, 0x0000000744000000| Untracked 
|  65|0x0000000744100000, 0x0000000744100000, 0x0000000744200000|  0%| F|  |TAMS 0x0000000744100000, 0x0000000744100000| Untracked 
|  66|0x0000000744200000, 0x0000000744200000, 0x0000000744300000|  0%| F|  |TAMS 0x0000000744200000, 0x0000000744200000| Untracked 
|  67|0x0000000744300000, 0x0000000744300000, 0x0000000744400000|  0%| F|  |TAMS 0x0000000744300000, 0x0000000744300000| Untracked 
|  68|0x0000000744400000, 0x0000000744400000, 0x0000000744500000|  0%| F|  |TAMS 0x0000000744400000, 0x0000000744400000| Untracked 
|  69|0x0000000744500000, 0x0000000744500000, 0x0000000744600000|  0%| F|  |TAMS 0x0000000744500000, 0x0000000744500000| Untracked 
|  70|0x0000000744600000, 0x0000000744600000, 0x0000000744700000|  0%| F|  |TAMS 0x0000000744600000, 0x0000000744600000| Untracked 
|  71|0x0000000744700000, 0x0000000744700000, 0x0000000744800000|  0%| F|  |TAMS 0x0000000744700000, 0x0000000744700000| Untracked 
|  72|0x0000000744800000, 0x0000000744800000, 0x0000000744900000|  0%| F|  |TAMS 0x0000000744800000, 0x0000000744800000| Untracked 
|  73|0x0000000744900000, 0x0000000744900000, 0x0000000744a00000|  0%| F|  |TAMS 0x0000000744900000, 0x0000000744900000| Untracked 
|  74|0x0000000744a00000, 0x0000000744a00000, 0x0000000744b00000|  0%| F|  |TAMS 0x0000000744a00000, 0x0000000744a00000| Untracked 
|  75|0x0000000744b00000, 0x0000000744b00000, 0x0000000744c00000|  0%| F|  |TAMS 0x0000000744b00000, 0x0000000744b00000| Untracked 
|  76|0x0000000744c00000, 0x0000000744c00000, 0x0000000744d00000|  0%| F|  |TAMS 0x0000000744c00000, 0x0000000744c00000| Untracked 
|  77|0x0000000744d00000, 0x0000000744d00000, 0x0000000744e00000|  0%| F|  |TAMS 0x0000000744d00000, 0x0000000744d00000| Untracked 
|  78|0x0000000744e00000, 0x0000000744e00000, 0x0000000744f00000|  0%| F|  |TAMS 0x0000000744e00000, 0x0000000744e00000| Untracked 
|  79|0x0000000744f00000, 0x0000000744f00000, 0x0000000745000000|  0%| F|  |TAMS 0x0000000744f00000, 0x0000000744f00000| Untracked 
|  80|0x0000000745000000, 0x0000000745000000, 0x0000000745100000|  0%| F|  |TAMS 0x0000000745000000, 0x0000000745000000| Untracked 
|  81|0x0000000745100000, 0x0000000745100000, 0x0000000745200000|  0%| F|  |TAMS 0x0000000745100000, 0x0000000745100000| Untracked 
|  82|0x0000000745200000, 0x0000000745200000, 0x0000000745300000|  0%| F|  |TAMS 0x0000000745200000, 0x0000000745200000| Untracked 
|  83|0x0000000745300000, 0x0000000745300000, 0x0000000745400000|  0%| F|  |TAMS 0x0000000745300000, 0x0000000745300000| Untracked 
|  84|0x0000000745400000, 0x0000000745400000, 0x0000000745500000|  0%| F|  |TAMS 0x0000000745400000, 0x0000000745400000| Untracked 
|  85|0x0000000745500000, 0x0000000745500000, 0x0000000745600000|  0%| F|  |TAMS 0x0000000745500000, 0x0000000745500000| Untracked 
|  86|0x0000000745600000, 0x0000000745600000, 0x0000000745700000|  0%| F|  |TAMS 0x0000000745600000, 0x0000000745600000| Untracked 
|  87|0x0000000745700000, 0x0000000745700000, 0x0000000745800000|  0%| F|  |TAMS 0x0000000745700000, 0x0000000745700000| Untracked 
|  88|0x0000000745800000, 0x0000000745800000, 0x0000000745900000|  0%| F|  |TAMS 0x0000000745800000, 0x0000000745800000| Untracked 
|  89|0x0000000745900000, 0x0000000745900000, 0x0000000745a00000|  0%| F|  |TAMS 0x0000000745900000, 0x0000000745900000| Untracked 
|  90|0x0000000745a00000, 0x0000000745a00000, 0x0000000745b00000|  0%| F|  |TAMS 0x0000000745a00000, 0x0000000745a00000| Untracked 
|  91|0x0000000745b00000, 0x0000000745b00000, 0x0000000745c00000|  0%| F|  |TAMS 0x0000000745b00000, 0x0000000745b00000| Untracked 
|  92|0x0000000745c00000, 0x0000000745c00000, 0x0000000745d00000|  0%| F|  |TAMS 0x0000000745c00000, 0x0000000745c00000| Untracked 
|  93|0x0000000745d00000, 0x0000000745d00000, 0x0000000745e00000|  0%| F|  |TAMS 0x0000000745d00000, 0x0000000745d00000| Untracked 
|  94|0x0000000745e00000, 0x0000000745e00000, 0x0000000745f00000|  0%| F|  |TAMS 0x0000000745e00000, 0x0000000745e00000| Untracked 
|  95|0x0000000745f00000, 0x0000000745f00000, 0x0000000746000000|  0%| F|  |TAMS 0x0000000745f00000, 0x0000000745f00000| Untracked 
|  96|0x0000000746000000, 0x0000000746000000, 0x0000000746100000|  0%| F|  |TAMS 0x0000000746000000, 0x0000000746000000| Untracked 
|  97|0x0000000746100000, 0x0000000746100000, 0x0000000746200000|  0%| F|  |TAMS 0x0000000746100000, 0x0000000746100000| Untracked 
|  98|0x0000000746200000, 0x0000000746200000, 0x0000000746300000|  0%| F|  |TAMS 0x0000000746200000, 0x0000000746200000| Untracked 
|  99|0x0000000746300000, 0x0000000746300000, 0x0000000746400000|  0%| F|  |TAMS 0x0000000746300000, 0x0000000746300000| Untracked 
| 100|0x0000000746400000, 0x0000000746400000, 0x0000000746500000|  0%| F|  |TAMS 0x0000000746400000, 0x0000000746400000| Untracked 
| 101|0x0000000746500000, 0x0000000746500000, 0x0000000746600000|  0%| F|  |TAMS 0x0000000746500000, 0x0000000746500000| Untracked 
| 102|0x0000000746600000, 0x0000000746600000, 0x0000000746700000|  0%| F|  |TAMS 0x0000000746600000, 0x0000000746600000| Untracked 
| 103|0x0000000746700000, 0x0000000746700000, 0x0000000746800000|  0%| F|  |TAMS 0x0000000746700000, 0x0000000746700000| Untracked 
| 104|0x0000000746800000, 0x0000000746800000, 0x0000000746900000|  0%| F|  |TAMS 0x0000000746800000, 0x0000000746800000| Untracked 
| 105|0x0000000746900000, 0x0000000746900000, 0x0000000746a00000|  0%| F|  |TAMS 0x0000000746900000, 0x0000000746900000| Untracked 
| 106|0x0000000746a00000, 0x0000000746a00000, 0x0000000746b00000|  0%| F|  |TAMS 0x0000000746a00000, 0x0000000746a00000| Untracked 
| 107|0x0000000746b00000, 0x0000000746b00000, 0x0000000746c00000|  0%| F|  |TAMS 0x0000000746b00000, 0x0000000746b00000| Untracked 
| 108|0x0000000746c00000, 0x0000000746c00000, 0x0000000746d00000|  0%| F|  |TAMS 0x0000000746c00000, 0x0000000746c00000| Untracked 
| 109|0x0000000746d00000, 0x0000000746d00000, 0x0000000746e00000|  0%| F|  |TAMS 0x0000000746d00000, 0x0000000746d00000| Untracked 
| 110|0x0000000746e00000, 0x0000000746e00000, 0x0000000746f00000|  0%| F|  |TAMS 0x0000000746e00000, 0x0000000746e00000| Untracked 
| 111|0x0000000746f00000, 0x0000000746f00000, 0x0000000747000000|  0%| F|  |TAMS 0x0000000746f00000, 0x0000000746f00000| Untracked 
| 112|0x0000000747000000, 0x0000000747000000, 0x0000000747100000|  0%| F|  |TAMS 0x0000000747000000, 0x0000000747000000| Untracked 
| 113|0x0000000747100000, 0x0000000747100000, 0x0000000747200000|  0%| F|  |TAMS 0x0000000747100000, 0x0000000747100000| Untracked 
| 114|0x0000000747200000, 0x0000000747200000, 0x0000000747300000|  0%| F|  |TAMS 0x0000000747200000, 0x0000000747200000| Untracked 
| 115|0x0000000747300000, 0x0000000747300000, 0x0000000747400000|  0%| F|  |TAMS 0x0000000747300000, 0x0000000747300000| Untracked 
| 116|0x0000000747400000, 0x0000000747400000, 0x0000000747500000|  0%| F|  |TAMS 0x0000000747400000, 0x0000000747400000| Untracked 
| 117|0x0000000747500000, 0x0000000747500000, 0x0000000747600000|  0%| F|  |TAMS 0x0000000747500000, 0x0000000747500000| Untracked 
| 118|0x0000000747600000, 0x0000000747600000, 0x0000000747700000|  0%| F|  |TAMS 0x0000000747600000, 0x0000000747600000| Untracked 
| 119|0x0000000747700000, 0x0000000747700000, 0x0000000747800000|  0%| F|  |TAMS 0x0000000747700000, 0x0000000747700000| Untracked 
| 120|0x0000000747800000, 0x0000000747800000, 0x0000000747900000|  0%| F|  |TAMS 0x0000000747800000, 0x0000000747800000| Untracked 
| 121|0x0000000747900000, 0x0000000747900000, 0x0000000747a00000|  0%| F|  |TAMS 0x0000000747900000, 0x0000000747900000| Untracked 
| 122|0x0000000747a00000, 0x0000000747a00000, 0x0000000747b00000|  0%| F|  |TAMS 0x0000000747a00000, 0x0000000747a00000| Untracked 
| 123|0x0000000747b00000, 0x0000000747b00000, 0x0000000747c00000|  0%| F|  |TAMS 0x0000000747b00000, 0x0000000747b00000| Untracked 
| 124|0x0000000747c00000, 0x0000000747c00000, 0x0000000747d00000|  0%| F|  |TAMS 0x0000000747c00000, 0x0000000747c00000| Untracked 
| 125|0x0000000747d00000, 0x0000000747d00000, 0x0000000747e00000|  0%| F|  |TAMS 0x0000000747d00000, 0x0000000747d00000| Untracked 
| 126|0x0000000747e00000, 0x0000000747e00000, 0x0000000747f00000|  0%| F|  |TAMS 0x0000000747e00000, 0x0000000747e00000| Untracked 
| 127|0x0000000747f00000, 0x0000000747f94a08, 0x0000000748000000| 58%| S|CS|TAMS 0x0000000747f00000, 0x0000000747f00000| Complete 
| 128|0x0000000748000000, 0x0000000748100000, 0x0000000748100000|100%| S|CS|TAMS 0x0000000748000000, 0x0000000748000000| Complete 
| 129|0x0000000748100000, 0x0000000748200000, 0x0000000748200000|100%| S|CS|TAMS 0x0000000748100000, 0x0000000748100000| Complete 
| 130|0x0000000748200000, 0x0000000748300000, 0x0000000748300000|100%| S|CS|TAMS 0x0000000748200000, 0x0000000748200000| Complete 
| 131|0x0000000748300000, 0x0000000748400000, 0x0000000748400000|100%| S|CS|TAMS 0x0000000748300000, 0x0000000748300000| Complete 
| 132|0x0000000748400000, 0x0000000748500000, 0x0000000748500000|100%| S|CS|TAMS 0x0000000748400000, 0x0000000748400000| Complete 
| 133|0x0000000748500000, 0x0000000748600000, 0x0000000748600000|100%| S|CS|TAMS 0x0000000748500000, 0x0000000748500000| Complete 
| 134|0x0000000748600000, 0x0000000748600000, 0x0000000748700000|  0%| F|  |TAMS 0x0000000748600000, 0x0000000748600000| Untracked 
| 135|0x0000000748700000, 0x0000000748700000, 0x0000000748800000|  0%| F|  |TAMS 0x0000000748700000, 0x0000000748700000| Untracked 
| 136|0x0000000748800000, 0x0000000748800000, 0x0000000748900000|  0%| F|  |TAMS 0x0000000748800000, 0x0000000748800000| Untracked 
| 137|0x0000000748900000, 0x0000000748900000, 0x0000000748a00000|  0%| F|  |TAMS 0x0000000748900000, 0x0000000748900000| Untracked 
| 138|0x0000000748a00000, 0x0000000748a00000, 0x0000000748b00000|  0%| F|  |TAMS 0x0000000748a00000, 0x0000000748a00000| Untracked 
| 139|0x0000000748b00000, 0x0000000748b00000, 0x0000000748c00000|  0%| F|  |TAMS 0x0000000748b00000, 0x0000000748b00000| Untracked 
| 140|0x0000000748c00000, 0x0000000748c00000, 0x0000000748d00000|  0%| F|  |TAMS 0x0000000748c00000, 0x0000000748c00000| Untracked 
| 141|0x0000000748d00000, 0x0000000748d00000, 0x0000000748e00000|  0%| F|  |TAMS 0x0000000748d00000, 0x0000000748d00000| Untracked 
| 142|0x0000000748e00000, 0x0000000748e00000, 0x0000000748f00000|  0%| F|  |TAMS 0x0000000748e00000, 0x0000000748e00000| Untracked 
| 143|0x0000000748f00000, 0x0000000748f00000, 0x0000000749000000|  0%| F|  |TAMS 0x0000000748f00000, 0x0000000748f00000| Untracked 
| 144|0x0000000749000000, 0x0000000749000000, 0x0000000749100000|  0%| F|  |TAMS 0x0000000749000000, 0x0000000749000000| Untracked 
| 145|0x0000000749100000, 0x0000000749100000, 0x0000000749200000|  0%| F|  |TAMS 0x0000000749100000, 0x0000000749100000| Untracked 
| 146|0x0000000749200000, 0x0000000749200000, 0x0000000749300000|  0%| F|  |TAMS 0x0000000749200000, 0x0000000749200000| Untracked 
| 147|0x0000000749300000, 0x0000000749300000, 0x0000000749400000|  0%| F|  |TAMS 0x0000000749300000, 0x0000000749300000| Untracked 
| 148|0x0000000749400000, 0x0000000749400000, 0x0000000749500000|  0%| F|  |TAMS 0x0000000749400000, 0x0000000749400000| Untracked 
| 149|0x0000000749500000, 0x0000000749500000, 0x0000000749600000|  0%| F|  |TAMS 0x0000000749500000, 0x0000000749500000| Untracked 
| 150|0x0000000749600000, 0x0000000749600000, 0x0000000749700000|  0%| F|  |TAMS 0x0000000749600000, 0x0000000749600000| Untracked 
| 151|0x0000000749700000, 0x0000000749700000, 0x0000000749800000|  0%| F|  |TAMS 0x0000000749700000, 0x0000000749700000| Untracked 
| 152|0x0000000749800000, 0x0000000749800000, 0x0000000749900000|  0%| F|  |TAMS 0x0000000749800000, 0x0000000749800000| Untracked 
| 153|0x0000000749900000, 0x0000000749900000, 0x0000000749a00000|  0%| F|  |TAMS 0x0000000749900000, 0x0000000749900000| Untracked 
| 154|0x0000000749a00000, 0x0000000749a00000, 0x0000000749b00000|  0%| F|  |TAMS 0x0000000749a00000, 0x0000000749a00000| Untracked 
| 155|0x0000000749b00000, 0x0000000749b00000, 0x0000000749c00000|  0%| F|  |TAMS 0x0000000749b00000, 0x0000000749b00000| Untracked 
| 156|0x0000000749c00000, 0x0000000749c00000, 0x0000000749d00000|  0%| F|  |TAMS 0x0000000749c00000, 0x0000000749c00000| Untracked 
| 157|0x0000000749d00000, 0x0000000749d00000, 0x0000000749e00000|  0%| F|  |TAMS 0x0000000749d00000, 0x0000000749d00000| Untracked 
| 158|0x0000000749e00000, 0x0000000749e00000, 0x0000000749f00000|  0%| F|  |TAMS 0x0000000749e00000, 0x0000000749e00000| Untracked 
| 159|0x0000000749f00000, 0x0000000749f00000, 0x000000074a000000|  0%| F|  |TAMS 0x0000000749f00000, 0x0000000749f00000| Untracked 
| 160|0x000000074a000000, 0x000000074a000000, 0x000000074a100000|  0%| F|  |TAMS 0x000000074a000000, 0x000000074a000000| Untracked 
| 161|0x000000074a100000, 0x000000074a100000, 0x000000074a200000|  0%| F|  |TAMS 0x000000074a100000, 0x000000074a100000| Untracked 
| 162|0x000000074a200000, 0x000000074a200000, 0x000000074a300000|  0%| F|  |TAMS 0x000000074a200000, 0x000000074a200000| Untracked 
| 163|0x000000074a300000, 0x000000074a300000, 0x000000074a400000|  0%| F|  |TAMS 0x000000074a300000, 0x000000074a300000| Untracked 
| 164|0x000000074a400000, 0x000000074a400000, 0x000000074a500000|  0%| F|  |TAMS 0x000000074a400000, 0x000000074a400000| Untracked 
| 165|0x000000074a500000, 0x000000074a500000, 0x000000074a600000|  0%| F|  |TAMS 0x000000074a500000, 0x000000074a500000| Untracked 
| 166|0x000000074a600000, 0x000000074a600000, 0x000000074a700000|  0%| F|  |TAMS 0x000000074a600000, 0x000000074a600000| Untracked 
| 167|0x000000074a700000, 0x000000074a700000, 0x000000074a800000|  0%| F|  |TAMS 0x000000074a700000, 0x000000074a700000| Untracked 
| 168|0x000000074a800000, 0x000000074a800000, 0x000000074a900000|  0%| F|  |TAMS 0x000000074a800000, 0x000000074a800000| Untracked 
| 169|0x000000074a900000, 0x000000074a900000, 0x000000074aa00000|  0%| F|  |TAMS 0x000000074a900000, 0x000000074a900000| Untracked 
| 170|0x000000074aa00000, 0x000000074aa00000, 0x000000074ab00000|  0%| F|  |TAMS 0x000000074aa00000, 0x000000074aa00000| Untracked 
| 171|0x000000074ab00000, 0x000000074ab00000, 0x000000074ac00000|  0%| F|  |TAMS 0x000000074ab00000, 0x000000074ab00000| Untracked 
| 172|0x000000074ac00000, 0x000000074ac00000, 0x000000074ad00000|  0%| F|  |TAMS 0x000000074ac00000, 0x000000074ac00000| Untracked 
| 173|0x000000074ad00000, 0x000000074ad00000, 0x000000074ae00000|  0%| F|  |TAMS 0x000000074ad00000, 0x000000074ad00000| Untracked 
| 174|0x000000074ae00000, 0x000000074ae00000, 0x000000074af00000|  0%| F|  |TAMS 0x000000074ae00000, 0x000000074ae00000| Untracked 
| 175|0x000000074af00000, 0x000000074af00000, 0x000000074b000000|  0%| F|  |TAMS 0x000000074af00000, 0x000000074af00000| Untracked 
| 176|0x000000074b000000, 0x000000074b000000, 0x000000074b100000|  0%| F|  |TAMS 0x000000074b000000, 0x000000074b000000| Untracked 
| 177|0x000000074b100000, 0x000000074b100000, 0x000000074b200000|  0%| F|  |TAMS 0x000000074b100000, 0x000000074b100000| Untracked 
| 178|0x000000074b200000, 0x000000074b200000, 0x000000074b300000|  0%| F|  |TAMS 0x000000074b200000, 0x000000074b200000| Untracked 
| 179|0x000000074b300000, 0x000000074b300000, 0x000000074b400000|  0%| F|  |TAMS 0x000000074b300000, 0x000000074b300000| Untracked 
| 180|0x000000074b400000, 0x000000074b400000, 0x000000074b500000|  0%| F|  |TAMS 0x000000074b400000, 0x000000074b400000| Untracked 
| 181|0x000000074b500000, 0x000000074b500000, 0x000000074b600000|  0%| F|  |TAMS 0x000000074b500000, 0x000000074b500000| Untracked 
| 182|0x000000074b600000, 0x000000074b600000, 0x000000074b700000|  0%| F|  |TAMS 0x000000074b600000, 0x000000074b600000| Untracked 
| 183|0x000000074b700000, 0x000000074b700000, 0x000000074b800000|  0%| F|  |TAMS 0x000000074b700000, 0x000000074b700000| Untracked 
| 184|0x000000074b800000, 0x000000074b800000, 0x000000074b900000|  0%| F|  |TAMS 0x000000074b800000, 0x000000074b800000| Untracked 
| 185|0x000000074b900000, 0x000000074b900000, 0x000000074ba00000|  0%| F|  |TAMS 0x000000074b900000, 0x000000074b900000| Untracked 
| 186|0x000000074ba00000, 0x000000074ba00000, 0x000000074bb00000|  0%| F|  |TAMS 0x000000074ba00000, 0x000000074ba00000| Untracked 
| 187|0x000000074bb00000, 0x000000074bb00000, 0x000000074bc00000|  0%| F|  |TAMS 0x000000074bb00000, 0x000000074bb00000| Untracked 
| 188|0x000000074bc00000, 0x000000074bc00000, 0x000000074bd00000|  0%| F|  |TAMS 0x000000074bc00000, 0x000000074bc00000| Untracked 
| 189|0x000000074bd00000, 0x000000074bd00000, 0x000000074be00000|  0%| F|  |TAMS 0x000000074bd00000, 0x000000074bd00000| Untracked 
| 190|0x000000074be00000, 0x000000074be00000, 0x000000074bf00000|  0%| F|  |TAMS 0x000000074be00000, 0x000000074be00000| Untracked 
| 191|0x000000074bf00000, 0x000000074bfe0cc0, 0x000000074c000000| 87%| E|  |TAMS 0x000000074bf00000, 0x000000074bf00000| Complete 

Card table byte_map: [0x000001c21af90000,0x000001c21b590000] _byte_map_base: 0x000001c217590000

Marking Bits (Prev, Next): (CMBitMap*) 0x000001c2030a3a00, (CMBitMap*) 0x000001c2030a39c8
 Prev Bits: [0x000001c21eb90000, 0x000001c221b90000)
 Next Bits: [0x000001c21bb90000, 0x000001c21eb90000)

Polling page: 0x000001c2009f0000

Metaspace:

Usage:
  Non-class:     29.13 MB capacity,    28.69 MB ( 98%) used,   355.36 KB (  1%) free+waste,    94.75 KB ( <1%) overhead. 
      Class:      3.98 MB capacity,     3.65 MB ( 92%) used,   290.80 KB (  7%) free+waste,    48.19 KB (  1%) overhead. 
       Both:     33.12 MB capacity,    32.35 MB ( 98%) used,   646.16 KB (  2%) free+waste,   142.94 KB ( <1%) overhead. 

Virtual space:
  Non-class space:       30.00 MB reserved,      29.17 MB ( 97%) committed 
      Class space:        1.00 GB reserved,       4.00 MB ( <1%) committed 
             Both:        1.03 GB reserved,      33.17 MB (  3%) committed 

Chunk freelists:
   Non-Class:  39.00 KB
       Class:  16.00 KB
        Both:  55.00 KB

MaxMetaspaceSize: 17179869184.00 GB
CompressedClassSpaceSize: 1.00 GB

CodeHeap 'non-profiled nmethods': size=120000Kb used=1529Kb max_used=1529Kb free=118470Kb
 bounds [0x000001c213120000, 0x000001c213390000, 0x000001c21a650000]
CodeHeap 'profiled nmethods': size=120000Kb used=7039Kb max_used=7039Kb free=112960Kb
 bounds [0x000001c20bbf0000, 0x000001c20c2d0000, 0x000001c213120000]
CodeHeap 'non-nmethods': size=5760Kb used=1205Kb max_used=1233Kb free=4554Kb
 bounds [0x000001c20b650000, 0x000001c20b8c0000, 0x000001c20bbf0000]
 total_blobs=4905 nmethods=3257 adapters=448
 compilation: enabled
              stopped_count=0, restarted_count=0
 full_count=0

Compilation events (20 events):
Event: 4.798 Thread 0x000001c224e9c000 3261   !   3       java.lang.ref.ReferenceQueue::remove (125 bytes)
Event: 4.800 Thread 0x000001c224e9c000 nmethod 3261 0x000001c20c2c9910 code [0x000001c20c2c9b40, 0x000001c20c2ca420]
Event: 4.800 Thread 0x000001c224e9c000 3262   !   3       jdk.internal.ref.PhantomCleanable::isListEmpty (34 bytes)
Event: 4.800 Thread 0x000001c224e9c000 nmethod 3262 0x000001c20c2ca710 code [0x000001c20c2ca8c0, 0x000001c20c2cac38]
Event: 4.800 Thread 0x000001c224e9c000 3263       3       jdk.internal.misc.InnocuousThread::eraseThreadLocals (23 bytes)
Event: 4.800 Thread 0x000001c224e9c000 nmethod 3263 0x000001c20c2cad90 code [0x000001c20c2caf40, 0x000001c20c2cb198]
Event: 4.800 Thread 0x000001c224e9c000 3266       3       java.lang.reflect.ProxyGenerator::getParameterDescriptors (47 bytes)
Event: 4.801 Thread 0x000001c224e9c000 nmethod 3266 0x000001c20c2cb210 code [0x000001c20c2cb4a0, 0x000001c20c2cbef0]
Event: 4.801 Thread 0x000001c224e9c000 3269       3       java.lang.reflect.ProxyGenerator::code_ldc (64 bytes)
Event: 4.802 Thread 0x000001c224e9c000 nmethod 3269 0x000001c20c2cc290 code [0x000001c20c2cc4e0, 0x000001c20c2ccf70]
Event: 4.802 Thread 0x000001c224e9c000 3264       3       java.lang.invoke.MethodHandleNatives$CallSiteContext::run (5 bytes)
Event: 4.802 Thread 0x000001c224e9c000 nmethod 3264 0x000001c20c2cd290 code [0x000001c20c2cd440, 0x000001c20c2cd5d0]
Event: 4.802 Thread 0x000001c224e9c000 3270       3       java.lang.reflect.ProxyGenerator::code_ipush (90 bytes)
Event: 4.802 Thread 0x000001c224e9c000 nmethod 3270 0x000001c20c2cd690 code [0x000001c20c2cd940, 0x000001c20c2ce7f0]
Event: 4.802 Thread 0x000001c224e9c000 3267       3       java.io.FilterOutputStream::<init> (21 bytes)
Event: 4.802 Thread 0x000001c224e9c000 nmethod 3267 0x000001c20c2cec10 code [0x000001c20c2cede0, 0x000001c20c2cf178]
Event: 4.808 Thread 0x000001c224e9c000 3272       1       java.util.stream.ReduceOps$Box::get (5 bytes)
Event: 4.808 Thread 0x000001c224e9c000 nmethod 3272 0x000001c213295c10 code [0x000001c213295dc0, 0x000001c213295ed8]
Event: 4.808 Thread 0x000001c224e9c000 3273       3       java.util.Collections$UnmodifiableCollection::<init> (22 bytes)
Event: 4.808 Thread 0x000001c224e9c000 nmethod 3273 0x000001c20c2cf290 code [0x000001c20c2cf460, 0x000001c20c2cf790]

GC Heap History (8 events):
Event: 1.313 GC heap before
{Heap before GC invocations=0 (full 0):
 garbage-first heap   total 196608K, used 24576K [0x0000000740000000, 0x0000000800000000)
  region size 1024K, 24 young (24576K), 0 survivors (0K)
 Metaspace       used 15694K, capacity 15987K, committed 16256K, reserved 1064960K
  class space    used 1550K, capacity 1627K, committed 1664K, reserved 1048576K
}
Event: 1.322 GC heap after
{Heap after GC invocations=1 (full 0):
 garbage-first heap   total 196608K, used 8055K [0x0000000740000000, 0x0000000800000000)
  region size 1024K, 3 young (3072K), 3 survivors (3072K)
 Metaspace       used 15694K, capacity 15987K, committed 16256K, reserved 1064960K
  class space    used 1550K, capacity 1627K, committed 1664K, reserved 1048576K
}
Event: 1.744 GC heap before
{Heap before GC invocations=1 (full 0):
 garbage-first heap   total 196608K, used 27511K [0x0000000740000000, 0x0000000800000000)
  region size 1024K, 22 young (22528K), 3 survivors (3072K)
 Metaspace       used 19169K, capacity 19511K, committed 19584K, reserved 1067008K
  class space    used 1998K, capacity 2149K, committed 2176K, reserved 1048576K
}
Event: 1.750 GC heap after
{Heap after GC invocations=2 (full 0):
 garbage-first heap   total 196608K, used 9845K [0x0000000740000000, 0x0000000800000000)
  region size 1024K, 2 young (2048K), 2 survivors (2048K)
 Metaspace       used 19169K, capacity 19511K, committed 19584K, reserved 1067008K
  class space    used 1998K, capacity 2149K, committed 2176K, reserved 1048576K
}
Event: 1.992 GC heap before
{Heap before GC invocations=2 (full 0):
 garbage-first heap   total 196608K, used 18037K [0x0000000740000000, 0x0000000800000000)
  region size 1024K, 11 young (11264K), 2 survivors (2048K)
 Metaspace       used 20806K, capacity 21134K, committed 21296K, reserved 1069056K
  class space    used 2209K, capacity 2369K, committed 2432K, reserved 1048576K
}
Event: 1.997 GC heap after
{Heap after GC invocations=3 (full 0):
 garbage-first heap   total 196608K, used 10470K [0x0000000740000000, 0x0000000800000000)
  region size 1024K, 3 young (3072K), 3 survivors (3072K)
 Metaspace       used 20806K, capacity 21134K, committed 21296K, reserved 1069056K
  class space    used 2209K, capacity 2369K, committed 2432K, reserved 1048576K
}
Event: 4.785 GC heap before
{Heap before GC invocations=4 (full 0):
 garbage-first heap   total 196608K, used 66790K [0x0000000740000000, 0x0000000800000000)
  region size 1024K, 58 young (59392K), 3 survivors (3072K)
 Metaspace       used 33063K, capacity 33913K, committed 33968K, reserved 1079296K
  class space    used 3734K, capacity 4080K, committed 4096K, reserved 1048576K
}
Event: 4.797 GC heap after
{Heap after GC invocations=5 (full 0):
 garbage-first heap   total 196608K, used 14794K [0x0000000740000000, 0x0000000800000000)
  region size 1024K, 7 young (7168K), 7 survivors (7168K)
 Metaspace       used 33063K, capacity 33913K, committed 33968K, reserved 1079296K
  class space    used 3734K, capacity 4080K, committed 4096K, reserved 1048576K
}

Deoptimization events (20 events):
Event: 3.820 Thread 0x000001c203051000 Uncommon trap: trap_request=0xffffff4d fr.pc=0x000001c213186ba4 relative=0x0000000000000484
Event: 3.820 Thread 0x000001c203051000 Uncommon trap: reason=unstable_if action=reinterpret pc=0x000001c213186ba4 method=jdk.internal.org.objectweb.asm.Type.getArgumentsAndReturnSizes(Ljava/lang/String;)I @ 41 c2
Event: 3.820 Thread 0x000001c203051000 DEOPT PACKING pc=0x000001c213186ba4 sp=0x000000be8b1fbd30
Event: 3.820 Thread 0x000001c203051000 DEOPT UNPACKING pc=0x000001c20b65822f sp=0x000000be8b1fbcc0 mode 2
Event: 3.820 Thread 0x000001c203051000 Uncommon trap: trap_request=0xffffff4d fr.pc=0x000001c2131e7b2c relative=0x0000000000000bec
Event: 3.820 Thread 0x000001c203051000 Uncommon trap: reason=unstable_if action=reinterpret pc=0x000001c2131e7b2c method=jdk.internal.org.objectweb.asm.Frame.push(Ljdk/internal/org/objectweb/asm/ClassWriter;Ljava/lang/String;)V @ 24 c2
Event: 3.820 Thread 0x000001c203051000 DEOPT PACKING pc=0x000001c2131e7b2c sp=0x000000be8b1fbd20
Event: 3.820 Thread 0x000001c203051000 DEOPT UNPACKING pc=0x000001c20b65822f sp=0x000000be8b1fbc40 mode 2
Event: 3.987 Thread 0x000001c203051000 Uncommon trap: trap_request=0xffffff4d fr.pc=0x000001c21328a204 relative=0x0000000000000064
Event: 3.987 Thread 0x000001c203051000 Uncommon trap: reason=unstable_if action=reinterpret pc=0x000001c21328a204 method=java.util.regex.Pattern.inRange(III)Z @ 7 c2
Event: 3.987 Thread 0x000001c203051000 DEOPT PACKING pc=0x000001c21328a204 sp=0x000000be8b1fccd0
Event: 3.987 Thread 0x000001c203051000 DEOPT UNPACKING pc=0x000001c20b65822f sp=0x000000be8b1fcb88 mode 2
Event: 4.726 Thread 0x000001c203051000 Uncommon trap: trap_request=0xffffffde fr.pc=0x000001c2131ccc44 relative=0x0000000000000824
Event: 4.726 Thread 0x000001c203051000 Uncommon trap: reason=class_check action=maybe_recompile pc=0x000001c2131ccc44 method=java.lang.reflect.Executable.declaredAnnotations()Ljava/util/Map; @ 43 c2
Event: 4.726 Thread 0x000001c203051000 DEOPT PACKING pc=0x000001c2131ccc44 sp=0x000000be8b1f9900
Event: 4.726 Thread 0x000001c203051000 DEOPT UNPACKING pc=0x000001c20b65822f sp=0x000000be8b1f9838 mode 2
Event: 4.756 Thread 0x000001c203051000 Uncommon trap: trap_request=0xffffffc6 fr.pc=0x000001c2131d81d8 relative=0x0000000000002318
Event: 4.756 Thread 0x000001c203051000 Uncommon trap: reason=bimorphic_or_optimized_type_check action=maybe_recompile pc=0x000001c2131d81d8 method=java.net.URL.<init>(Ljava/net/URL;Ljava/lang/String;Ljava/net/URLStreamHandler;)V @ 504 c2
Event: 4.756 Thread 0x000001c203051000 DEOPT PACKING pc=0x000001c2131d81d8 sp=0x000000be8b1fd730
Event: 4.756 Thread 0x000001c203051000 DEOPT UNPACKING pc=0x000001c20b65822f sp=0x000000be8b1fd6b0 mode 2

Classes redefined (0 events):
No events

Internal exceptions (20 events):
Event: 2.915 Thread 0x000001c203051000 Exception <a 'java/lang/NoSuchMethodError'{0x0000000749e259d0}: 'java.lang.Object java.lang.invoke.DirectMethodHandle$Holder.invokeStaticInit(java.lang.Object, java.lang.Object, java.lang.Object)'> (0x0000000749e259d0) thrown at [c:/cygwin64/tmp/openjdk-j
Event: 3.105 Thread 0x000001c203051000 Exception <a 'sun/nio/fs/WindowsException'{0x000000074992fe50}> (0x000000074992fe50) thrown at [c:/cygwin64/tmp/openjdk-jdk11u-windows-x64-hotspot/workspace/build/src/src/hotspot/share/prims/jni.cpp, line 615]
Event: 3.181 Thread 0x000001c203051000 Implicit null exception at 0x000001c21317ce79 to 0x000001c21317d14e
Event: 3.416 Thread 0x000001c227b8c800 Exception <a 'java/lang/NoSuchMethodError'{0x00000007495118d0}: 'void java.lang.invoke.DirectMethodHandle$Holder.invokeStatic(java.lang.Object, long)'> (0x00000007495118d0) thrown at [c:/cygwin64/tmp/openjdk-jdk11u-windows-x64-hotspot/workspace/build/src/
Event: 3.417 Thread 0x000001c227b8c800 Exception <a 'java/lang/NoSuchMethodError'{0x0000000749516840}: 'java.lang.Object java.lang.invoke.DirectMethodHandle$Holder.invokeStatic(java.lang.Object, long)'> (0x0000000749516840) thrown at [c:/cygwin64/tmp/openjdk-jdk11u-windows-x64-hotspot/workspac
Event: 3.422 Thread 0x000001c227b8c800 Exception <a 'java/lang/NoSuchMethodError'{0x0000000749524538}: 'java.lang.Object java.lang.invoke.DirectMethodHandle$Holder.invokeStaticInit(java.lang.Object, java.lang.Object, long, java.lang.Object)'> (0x0000000749524538) thrown at [c:/cygwin64/tmp/ope
Event: 3.423 Thread 0x000001c227b8c800 Exception <a 'java/lang/NoSuchMethodError'{0x0000000749529f60}: 'java.lang.Object java.lang.invoke.DirectMethodHandle$Holder.invokeStatic(java.lang.Object, java.lang.Object, long)'> (0x0000000749529f60) thrown at [c:/cygwin64/tmp/openjdk-jdk11u-windows-x6
Event: 3.423 Thread 0x000001c227b8c800 Exception <a 'java/lang/NoSuchMethodError'{0x0000000749530230}: 'java.lang.Object java.lang.invoke.Invokers$Holder.linkToTargetMethod(java.lang.Object, long, java.lang.Object)'> (0x0000000749530230) thrown at [c:/cygwin64/tmp/openjdk-jdk11u-windows-x64-ho
Event: 3.747 Thread 0x000001c227d78000 Exception <a 'java/net/SocketTimeoutException'{0x000000074958a728}: connect timed out> (0x000000074958a728) thrown at [c:/cygwin64/tmp/openjdk-jdk11u-windows-x64-hotspot/workspace/build/src/src/hotspot/share/prims/jni.cpp, line 636]
Event: 3.791 Thread 0x000001c203051000 Exception <a 'java/lang/NoSuchMethodError'{0x000000074930b710}: 'java.lang.Object java.lang.invoke.DirectMethodHandle$Holder.invokeInterface(java.lang.Object, java.lang.Object, java.lang.Object)'> (0x000000074930b710) thrown at [c:/cygwin64/tmp/openjdk-jd
Event: 3.792 Thread 0x000001c203051000 Exception <a 'java/lang/IncompatibleClassChangeError'{0x000000074930e698}: Found class java.lang.Object, but interface was expected> (0x000000074930e698) thrown at [c:/cygwin64/tmp/openjdk-jdk11u-windows-x64-hotspot/workspace/build/src/src/hotspot/share/i
Event: 3.793 Thread 0x000001c203051000 Exception <a 'java/lang/NoSuchMethodError'{0x0000000749314f70}: 'int java.lang.invoke.DirectMethodHandle$Holder.invokeSpecialIFC(java.lang.Object, java.lang.Object, java.lang.Object, java.lang.Object)'> (0x0000000749314f70) thrown at [c:/cygwin64/tmp/open
Event: 3.793 Thread 0x000001c203051000 Exception <a 'java/lang/NoSuchMethodError'{0x000000074931d530}: 'java.lang.Object java.lang.invoke.DirectMethodHandle$Holder.invokeInterface(java.lang.Object, java.lang.Object, java.lang.Object, java.lang.Object)'> (0x000000074931d530) thrown at [c:/cygwi
Event: 3.797 Thread 0x000001c203051000 Exception <a 'java/lang/NoSuchMethodError'{0x0000000749343a00}: 'java.lang.Object java.lang.invoke.DirectMethodHandle$Holder.invokeVirtual(java.lang.Object, java.lang.Object, java.lang.Object)'> (0x0000000749343a00) thrown at [c:/cygwin64/tmp/openjdk-jdk1
Event: 3.820 Thread 0x000001c203051000 Exception <a 'java/lang/NoSuchMethodError'{0x000000074923eb50}: 'double java.lang.invoke.DirectMethodHandle$Holder.invokeVirtual(java.lang.Object, java.lang.Object)'> (0x000000074923eb50) thrown at [c:/cygwin64/tmp/openjdk-jdk11u-windows-x64-hotspot/works
Event: 3.821 Thread 0x000001c203051000 Exception <a 'java/lang/NoSuchMethodError'{0x0000000749244750}: 'float java.lang.invoke.DirectMethodHandle$Holder.invokeVirtual(java.lang.Object, java.lang.Object)'> (0x0000000749244750) thrown at [c:/cygwin64/tmp/openjdk-jdk11u-windows-x64-hotspot/worksp
Event: 3.822 Thread 0x000001c203051000 Exception <a 'java/lang/NoSuchMethodError'{0x000000074924ca38}: 'long java.lang.invoke.DirectMethodHandle$Holder.invokeVirtual(java.lang.Object, java.lang.Object)'> (0x000000074924ca38) thrown at [c:/cygwin64/tmp/openjdk-jdk11u-windows-x64-hotspot/workspa
Event: 3.850 Thread 0x000001c203051000 Exception <a 'java/lang/NoSuchMethodError'{0x00000007491ba3e0}: 'void java.lang.invoke.DirectMethodHandle$Holder.invokeSpecial(java.lang.Object, java.lang.Object, java.lang.Object, java.lang.Object, java.lang.Object)'> (0x00000007491ba3e0) thrown at [c:/c
Event: 4.720 Thread 0x000001c203051000 Exception <a 'java/lang/NoSuchMethodError'{0x00000007488228e0}: 'java.lang.Object java.lang.invoke.DirectMethodHandle$Holder.invokeSpecialIFC(java.lang.Object, java.lang.Object, java.lang.Object)'> (0x00000007488228e0) thrown at [c:/cygwin64/tmp/openjdk-j
Event: 4.734 Thread 0x000001c203051000 Exception <a 'java/lang/ClassNotFoundException'{0x0000000748863c30}: sun/util/logging/resources/spi/loggingProvider> (0x0000000748863c30) thrown at [c:/cygwin64/tmp/openjdk-jdk11u-windows-x64-hotspot/workspace/build/src/src/hotspot/share/classfile/systemD

Events (20 events):
Event: 4.798 Executing VM operation: RevokeBias
Event: 4.798 Executing VM operation: RevokeBias done
Event: 4.798 Executing VM operation: BulkRevokeBias
Event: 4.799 Executing VM operation: BulkRevokeBias done
Event: 4.799 Executing VM operation: BulkRevokeBias
Event: 4.799 Executing VM operation: BulkRevokeBias done
Event: 4.804 loading class org/openqa/selenium/support/events/EventFiringWebDriver$EventFiringOptions
Event: 4.804 loading class org/openqa/selenium/support/events/EventFiringWebDriver$EventFiringOptions done
Event: 4.804 loading class org/openqa/selenium/WebDriver$Timeouts
Event: 4.804 loading class org/openqa/selenium/WebDriver$Timeouts done
Event: 4.805 loading class org/openqa/selenium/WebDriver$Window
Event: 4.805 loading class org/openqa/selenium/WebDriver$Window done
Event: 4.805 loading class org/openqa/selenium/remote/RemoteWebDriver$RemoteWebDriverOptions
Event: 4.805 loading class org/openqa/selenium/remote/RemoteWebDriver$RemoteWebDriverOptions done
Event: 4.805 loading class org/openqa/selenium/WebDriver$ImeHandler
Event: 4.805 loading class org/openqa/selenium/WebDriver$ImeHandler done
Event: 4.806 loading class org/openqa/selenium/support/events/EventFiringWebDriver$EventFiringWindow
Event: 4.806 loading class org/openqa/selenium/support/events/EventFiringWebDriver$EventFiringWindow done
Event: 4.806 loading class org/openqa/selenium/remote/RemoteWebDriver$RemoteWebDriverOptions$RemoteWindow
Event: 4.806 loading class org/openqa/selenium/remote/RemoteWebDriver$RemoteWebDriverOptions$RemoteWindow done


Dynamic libraries:
0x00007ff740210000 - 0x00007ff74021d000 	C:\Program Files\AdoptOpenJDK\jdk-11.0.5.10-hotspot\bin\javaw.exe
0x000001c200a20000 - 0x000001c200c01000 	C:\Windows\SYSTEM32\ntd1l.dll
0x000001c200c10000 - 0x000001c200cc1000 	C:\Windows\System32\kern3l32.dll
0x00007ff85fc80000 - 0x00007ff85fe61000 	C:\Windows\SYSTEM32\ntdll.dll
0x00007ff85fb30000 - 0x00007ff85fbe1000 	C:\Windows\System32\KERNEL32.DLL
0x00007ff85c150000 - 0x00007ff85c3c3000 	C:\Windows\System32\KERNELBASE.dll
0x00007ff85bcf0000 - 0x00007ff85be87000 	C:\Program Files\SentinelOne\Sentinel Agent 4.1.4.82\InProcessClient64.dll
0x00007ff85f840000 - 0x00007ff85f8e1000 	C:\Windows\System32\ADVAPI32.dll
0x00007ff85d2b0000 - 0x00007ff85d34e000 	C:\Windows\System32\msvcrt.dll
0x00007ff85d350000 - 0x00007ff85d3ab000 	C:\Windows\System32\sechost.dll
0x00007ff85d750000 - 0x00007ff85d874000 	C:\Windows\System32\RPCRT4.dll
0x00007ff85c5c0000 - 0x00007ff85c6b8000 	C:\Windows\System32\ucrtbase.dll
0x00007ff844bc0000 - 0x00007ff844bd6000 	C:\Program Files\AdoptOpenJDK\jdk-11.0.5.10-hotspot\bin\VCRUNTIME140.dll
0x00007ff837780000 - 0x00007ff837797000 	C:\Program Files\AdoptOpenJDK\jdk-11.0.5.10-hotspot\bin\jli.dll
0x00007ff85d4a0000 - 0x00007ff85d630000 	C:\Windows\System32\USER32.dll
0x00007ff84c670000 - 0x00007ff84c8d9000 	C:\Windows\WinSxS\amd64_microsoft.windows.common-controls_6595b64144ccf1df_6.0.17134.765_none_fb42a1a930655896\COMCTL32.dll
0x00007ff85d880000 - 0x00007ff85dba2000 	C:\Windows\System32\combase.dll
0x00007ff85ce50000 - 0x00007ff85ce70000 	C:\Windows\System32\win32u.dll
0x00007ff85cdd0000 - 0x00007ff85ce4a000 	C:\Windows\System32\bcryptPrimitives.dll
0x00007ff85e100000 - 0x00007ff85e128000 	C:\Windows\System32\GDI32.dll
0x00007ff85ce70000 - 0x00007ff85d002000 	C:\Windows\System32\gdi32full.dll
0x00007ff85c0b0000 - 0x00007ff85c14f000 	C:\Windows\System32\msvcp_win.dll
0x00007ff85d470000 - 0x00007ff85d49d000 	C:\Windows\System32\IMM32.DLL
0x00007ff85bc40000 - 0x00007ff85bc4a000 	C:\Windows\SYSTEM32\VERSION.dll
0x00007ff828f30000 - 0x00007ff828fcb000 	C:\Program Files\AdoptOpenJDK\jdk-11.0.5.10-hotspot\bin\msvcp140.dll
0x00007ff8217f0000 - 0x00007ff8222aa000 	C:\Program Files\AdoptOpenJDK\jdk-11.0.5.10-hotspot\bin\server\jvm.dll
0x00007ff85e0f0000 - 0x00007ff85e0f8000 	C:\Windows\System32\PSAPI.DLL
0x00007ff8549f0000 - 0x00007ff8549f9000 	C:\Windows\SYSTEM32\WSOCK32.dll
0x00007ff85fac0000 - 0x00007ff85fb2c000 	C:\Windows\System32\WS2_32.dll
0x00007ff859e80000 - 0x00007ff859ea3000 	C:\Windows\SYSTEM32\WINMM.dll
0x00007ff859e50000 - 0x00007ff859e7a000 	C:\Windows\SYSTEM32\WINMMBASE.dll
0x00007ff85d0c0000 - 0x00007ff85d109000 	C:\Windows\System32\cfgmgr32.dll
0x00007ff85bfb0000 - 0x00007ff85bfc1000 	C:\Windows\System32\kernel.appcore.dll
0x00007ff858f60000 - 0x00007ff858f70000 	C:\Program Files\AdoptOpenJDK\jdk-11.0.5.10-hotspot\bin\verify.dll
0x00007ff84ddc0000 - 0x00007ff84df89000 	C:\Windows\SYSTEM32\DBGHELP.DLL
0x00007ff84db10000 - 0x00007ff84db39000 	C:\Windows\SYSTEM32\dbgcore.DLL
0x00007ff84af80000 - 0x00007ff84afa8000 	C:\Program Files\AdoptOpenJDK\jdk-11.0.5.10-hotspot\bin\java.dll
0x00007ff856a90000 - 0x00007ff856aa6000 	C:\Program Files\AdoptOpenJDK\jdk-11.0.5.10-hotspot\bin\zip.dll
0x00007ff858f50000 - 0x00007ff858f5a000 	C:\Program Files\AdoptOpenJDK\jdk-11.0.5.10-hotspot\bin\jimage.dll
0x00007ff85e400000 - 0x00007ff85f840000 	C:\Windows\System32\SHELL32.dll
0x00007ff85d3c0000 - 0x00007ff85d469000 	C:\Windows\System32\shcore.dll
0x00007ff85c6c0000 - 0x00007ff85cdcd000 	C:\Windows\System32\windows.storage.dll
0x00007ff85fbf0000 - 0x00007ff85fc41000 	C:\Windows\System32\shlwapi.dll
0x00007ff85bfe0000 - 0x00007ff85bfff000 	C:\Windows\System32\profapi.dll
0x00007ff85c000000 - 0x00007ff85c04c000 	C:\Windows\System32\powrprof.dll
0x00007ff85bfd0000 - 0x00007ff85bfda000 	C:\Windows\System32\FLTLIB.DLL
0x00007ff851200000 - 0x00007ff851219000 	C:\Program Files\AdoptOpenJDK\jdk-11.0.5.10-hotspot\bin\net.dll
0x00007ff857b50000 - 0x00007ff857c2d000 	C:\Windows\SYSTEM32\WINHTTP.dll
0x00007ff85b600000 - 0x00007ff85b666000 	C:\Windows\system32\mswsock.dll
0x00007ff84c140000 - 0x00007ff84c152000 	C:\Program Files\AdoptOpenJDK\jdk-11.0.5.10-hotspot\bin\nio.dll
0x00007ff85b3d0000 - 0x00007ff85b48e000 	C:\Windows\SYSTEM32\DNSAPI.dll
0x00007ff85d3b0000 - 0x00007ff85d3b8000 	C:\Windows\System32\NSI.dll
0x00007ff85b380000 - 0x00007ff85b3b8000 	C:\Windows\SYSTEM32\IPHLPAPI.DLL
0x00007ff854510000 - 0x00007ff85451a000 	C:\Windows\System32\rasadhlp.dll
0x00007ff8574e0000 - 0x00007ff857552000 	C:\Windows\System32\fwpuclnt.dll
0x00007ff85b8e0000 - 0x00007ff85b905000 	C:\Windows\SYSTEM32\bcrypt.dll
0x00007ff85b7b0000 - 0x00007ff85b7c7000 	C:\Windows\SYSTEM32\CRYPTSP.dll
0x00007ff85afb0000 - 0x00007ff85afe3000 	C:\Windows\system32\rsaenh.dll
0x00007ff85bec0000 - 0x00007ff85bee8000 	C:\Windows\SYSTEM32\USERENV.dll
0x00007ff85b7d0000 - 0x00007ff85b7db000 	C:\Windows\SYSTEM32\CRYPTBASE.dll
0x00007ff857220000 - 0x00007ff857236000 	C:\Windows\SYSTEM32\dhcpcsvc6.DLL
0x00007ff8571d0000 - 0x00007ff8571ea000 	C:\Windows\SYSTEM32\dhcpcsvc.DLL
0x00007ff838800000 - 0x00007ff838826000 	C:\Program Files\AdoptOpenJDK\jdk-11.0.5.10-hotspot\bin\sunec.dll
0x00007ff84af10000 - 0x00007ff84af1d000 	C:\Program Files\AdoptOpenJDK\jdk-11.0.5.10-hotspot\bin\sunmscapi.dll
0x00007ff85c3d0000 - 0x00007ff85c5b2000 	C:\Windows\System32\CRYPT32.dll
0x00007ff85bf90000 - 0x00007ff85bfa2000 	C:\Windows\System32\MSASN1.dll
0x00007ff85b8b0000 - 0x00007ff85b8d6000 	C:\Windows\SYSTEM32\ncrypt.dll
0x00007ff85b870000 - 0x00007ff85b8a6000 	C:\Windows\SYSTEM32\NTASN1.dll

dbghelp: loaded successfully - version: 4.0.5 - missing functions: none
symbol engine: initialized successfully - sym options: 0x614 - pdb path: .;C:\Program Files\AdoptOpenJDK\jdk-11.0.5.10-hotspot\bin;C:\Windows\SYSTEM32;C:\Program Files\SentinelOne\Sentinel Agent 4.1.4.82;C:\Windows\WinSxS\amd64_microsoft.windows.common-controls_6595b64144ccf1df_6.0.17134.765_none_fb42a1a930655896;C:\Program Files\AdoptOpenJDK\jdk-11.0.5.10-hotspot\bin\server

VM Arguments:
jvm_args: -ea -Dfile.encoding=Cp1252 
java_command: org.testng.remote.RemoteTestNG -serport 55362 -protocol json -d C:\eclipse-workspace\Dynamics-CRM-V1.0\TestNG\test-output C:\eclipse-workspace\Dynamics-CRM-V1.0\TestNG\testng.xml
java_class_path (initial): E:\schandr3\eclipse\java-2020-09\eclipse\configuration\org.eclipse.osgi\429\0\.cp\lib\testng-remote.jar;C:\eclipse-workspace\Dynamics-CRM-V1.0\TestNG\target\test-classes;C:\eclipse-workspace\Dynamics-CRM-V1.0\TestNG\target\classes;E:\schandr3\.p2\pool\plugins\org.testng_7.3.0.r202008060316.jar;E:\schandr3\.p2\pool\plugins\com.beust.jcommander_1.78.0.jar;E:\schandr3\.p2\pool\plugins\org.apache-extras.beanshell.bsh_2.0.0.b6.jar;E:\schandr3\.p2\pool\plugins\org.yaml.snakeyaml_1.21.0.jar;E:\schandr3\.p2\pool\plugins\org.junit_4.13.0.v20200204-1500.jar;E:\schandr3\.p2\pool\plugins\org.hamcrest.core_1.3.0.v20180420-1519.jar;E:\Selenium\testng-7.1.0.jar;E:\schandr3\.m2\repository\org\testng\testng\7.3.0\testng-7.3.0.jar;E:\schandr3\.m2\repository\com\beust\jcommander\1.78\jcommander-1.78.jar;E:\schandr3\.m2\repository\org\apache\ant\ant\1.10.3\ant-1.10.3.jar;E:\schandr3\.m2\repository\org\apache\ant\ant-launcher\1.10.3\ant-launcher-1.10.3.jar;E:\schandr3\.m2\repository\junit\junit\4.12\junit-4.12.jar;E:\schandr3\.m2\repository\org\hamcrest\hamcrest-core\1.3\hamcrest-core-1.3.jar;E:\schandr3\.m2\repository\com\google\inject\guice\4.2.2\guice-4.2.2-no_aop.jar;E:\schandr3\.m2\repository\javax\inject\javax.inject\1\javax.inject-1.jar;E:\schandr3\.m2\repository\aopalliance\aopalliance\1.0\aopalliance-1.0.jar;E:\schandr3\.m2\repository\org\yaml\snakeyaml\1.21\snakeyaml-1.21.jar;E:\schandr3\.m2\repository\org\seleniumhq\selenium\selenium-java\4.0.0-alpha-1\selenium-java-4.0.0-alpha-1.jar;E:\schandr3\.m2\repository\org\seleniumhq\selenium\selenium-chrome-driver\4.0.0-alpha-1\selenium-chrome-driver-4.0.0-alpha-1.jar;E:\schandr3\.m2\repository\org\seleniumhq\selenium\selenium-remote-driver\4.0.0-alpha-1\selenium-remote-driver-4.0.0-alpha-1.jar;E:\schandr3\.m2\repository\org\seleniumhq\selenium\selenium-api\4.0.0-alpha-1\selenium-api-4.0.0-alpha-1.jar;E:\schandr3\.m2\repository\net\bytebuddy\byte-buddy\1.9.12\byte-buddy-1.9.12.jar;E:\schandr3\.m2\reposito
Launcher Type: SUN_STANDARD

[Global flags]
     intx CICompilerCount                          = 4                                         {product} {ergonomic}
     uint ConcGCThreads                            = 2                                         {product} {ergonomic}
     uint G1ConcRefinementThreads                  = 8                                         {product} {ergonomic}
   size_t G1HeapRegionSize                         = 1048576                                   {product} {ergonomic}
    uintx GCDrainStackTargetSize                   = 64                                        {product} {ergonomic}
   size_t InitialHeapSize                          = 201326592                                 {product} {ergonomic}
   size_t MarkStackSize                            = 4194304                                   {product} {ergonomic}
   size_t MaxHeapSize                              = 3221225472                                {product} {ergonomic}
   size_t MaxNewSize                               = 1932525568                                {product} {ergonomic}
   size_t MinHeapDeltaBytes                        = 1048576                                   {product} {ergonomic}
    uintx NonNMethodCodeHeapSize                   = 5836300                                {pd product} {ergonomic}
    uintx NonProfiledCodeHeapSize                  = 122910970                              {pd product} {ergonomic}
    uintx ProfiledCodeHeapSize                     = 122910970                              {pd product} {ergonomic}
    uintx ReservedCodeCacheSize                    = 251658240                              {pd product} {ergonomic}
     bool SegmentedCodeCache                       = true                                      {product} {ergonomic}
     bool UseCompressedClassPointers               = true                                 {lp64_product} {ergonomic}
     bool UseCompressedOops                        = true                                 {lp64_product} {ergonomic}
     bool UseG1GC                                  = true                                      {product} {ergonomic}
     bool UseLargePagesIndividualAllocation        = false                                  {pd product} {ergonomic}

Logging:
Log output configuration:
 #0: stdout all=warning uptime,level,tags
 #1: stderr all=off uptime,level,tags

Environment Variables:
JAVA_HOME=C:\Program Files\AdoptOpenJDK\jdk-11.0.5.10-hotspot\
PATH=C:/Program Files/AdoptOpenJDK/jdk-11.0.5.10-hotspot/bin/client;C:/Program Files/AdoptOpenJDK/jdk-11.0.5.10-hotspot/bin;C:\Program Files\AdoptOpenJDK\jdk-11.0.5.10-hotspot\bin;C:\Windows\system32;C:\Windows;C:\Windows\System32\Wbem;C:\Windows\System32\WindowsPowerShell\v1.0\;C:\Windows\System32\OpenSSH\;C:\Program Files\PuTTY\;C:\Program Files (x86)\Microsoft SQL Server\150\DTS\Binn\;C:\Program Files\dotnet\;C:\Program Files\Microsoft SQL Server\130\Tools\Binn\;C:\Program Files\Microsoft SQL Server\Client SDK\ODBC\170\Tools\Binn\;C:\Program Files\Microsoft VS Code\bin;E:\schandr3\AppData\Local\Microsoft\WindowsApps;;C:\Windows\system32;
USERNAME=schandr3
OS=Windows_NT
PROCESSOR_IDENTIFIER=Intel64 Family 6 Model 85 Stepping 7, GenuineIntel



---------------  S Y S T E M  ---------------

OS: Windows 10 , 64 bit Build 17134 (10.0.17134.753)
KVM virtualization detected

CPU:total 8 (initial active 8) (2 cores per cpu, 2 threads per core) family 6 model 85 stepping 7, cmov, cx8, fxsr, mmx, sse, sse2, sse3, ssse3, sse4.1, sse4.2, popcnt, avx, avx2, aes, clmul, erms, rtm, 3dnowpref, lzcnt, ht, tsc, bmi1, bmi2, adx, evex, fma

Memory: 4k page, system-wide physical 12287M (457M free)
TotalPageFile size 12287M (AvailPageFile size 5M)
current process WorkingSet (physical memory assigned to process): 194M, peak: 194M
current process commit charge ("private bytes"): 354M, peak: 354M

vm_info: OpenJDK 64-Bit Server VM (11.0.5+10) for windows-amd64 JRE (11.0.5+10), built on Oct 19 2019 12:23:57 by "" with MS VC++ 15.8 (VS2017)

END.
